Лабораторная работа №3. Межпроцессные взаимодействия (IPC) в Linux (POSIX).
Копасова Ксения, группа 3384
ksenox@pupup:~$ date
Wed Apr  9 01:16:34 PM UTC 2025
ksenox@pupup:~$ who
ksenox   seat0        2025-04-09 13:01 (login screen)
ksenox   tty2         2025-04-09 13:01 (tty2)
ksenox@pupup:~$ uname -a
Linux pupup 6.11.0-17-generic #17~24.04.2-Ubuntu SMP PREEMPT_DYNAMIC Mon Jan 20 22:48:29 UTC 2 x86_64 x86_64 x86_64 GNU/Linux
ksenox@pupup:~$ hostnamectl
 Static hostname: pupup
       Icon name: computer-vm
         Chassis: vm 🖴
      Machine ID: ba2a136d17fa40178ee31bf155ffbbab
         Boot ID: a00bac56f2894a0cabe78dac6f167450
  Virtualization: oracle
Operating System: Ubuntu 24.04.1 LTS              
          Kernel: Linux 6.11.0-17-generic
    Architecture: x86-64
 Hardware Vendor: innotek GmbH
  Hardware Model: VirtualBox
Firmware Version: VirtualBox
   Firmware Date: Fri 2006-12-01
    Firmware Age: 18y 3month 2w
ksenox@pupup:~$ lscpu
Архитектура:               x86_64
  CPU op-mode(s):          32-bit, 64-bit
  Address sizes:           48 bits physical, 48 bits virtual
  Порядок байт:            Little Endian
CPU(s):                    5
  On-line CPU(s) list:     0-4
ID прроизводителя:         AuthenticAMD
  Имя модели:              AMD Ryzen 7 7730U with Radeon Graphics
    Семейство ЦПУ:         25
    Модель:                80
    Потоков на ядро:       1
    Ядер на сокет:         5
    Сокетов:               1
    Степпинг:              0
    BogoMIPS:              3992.39
    Флаги:                 fpu vme de pse tsc msr pae mce cx8 apic sep mtrr pge 
                           mca cmov pat pse36 clflush mmx fxsr sse sse2 ht sysca
                           ll nx mmxext fxsr_opt rdtscp lm constant_tsc rep_good
                            nopl nonstop_tsc cpuid extd_apicid tsc_known_freq pn
                           i pclmulqdq ssse3 cx16 sse4_1 sse4_2 movbe popcnt aes
                            rdrand hypervisor lahf_lm cmp_legacy cr8_legacy abm 
                           sse4a misalignsse 3dnowprefetch vmmcall fsgsbase bmi1
                            bmi2 invpcid rdseed adx clflushopt sha_ni arat debug
                           _swap
Virtualization features:   
  Разработчик гипервизора: KVM
  Тип виртуализации:       полный
Caches (sum of all):       
  L1d:                     160 KiB (5 instances)
  L1i:                     160 KiB (5 instances)
  L2:                      2.5 MiB (5 instances)
  L3:                      80 MiB (5 instances)
NUMA:                      
  NUMA node(s):            1
  NUMA node0 CPU(s):       0-4
Vulnerabilities:           
  Gather data sampling:    Not affected
  Itlb multihit:           Not affected
  L1tf:                    Not affected
  Mds:                     Not affected
  Meltdown:                Not affected
  Mmio stale data:         Not affected
  Reg file data sampling:  Not affected
  Retbleed:                Not affected
  Spec rstack overflow:    Vulnerable: Safe RET, no microcode
  Spec store bypass:       Not affected
  Spectre v1:              Mitigation; usercopy/swapgs barriers and __user point
                           er sanitization
  Spectre v2:              Mitigation; Retpolines; STIBP disabled; RSB filling; 
                           PBRSB-eIBRS Not affected; BHI Not affected
  Srbds:                   Not affected
  Tsx async abort:         Not affected

1. Управление потоками посредством сигналов
ksenox@pupup:~$ date
Wed Apr  9 01:20:34 PM UTC 2025

1.1. Создадим программу с порождением двух потоков так, чтобы управление второй нитью осуществлялось посредством сигнала SIGUSR1 из первой нити:
ksenox@pupup:~$ nano lb3_task_1_1.c 
ksenox@pupup:~$ ./lb3_task_1_1 
поток 1: pid = 4203, tid = 4204
поток 1: SIGUSR1 будет отправлен потоку 2 после 5 секунд, 1744299716 
поток 2: pid = 4203, tid = 4205
поток 2 работает 
поток 2 работает 
поток 2 работает 
поток 2 работает 
поток 2 работает 
поток 1: SIGUSR1 отправлен потоку 2 в 1744299721 секунд
Определяемый пользователем сигнал 1

В программе происходит следующее: сначала создается поток 1: он выводит информацию о себе (pid и tid), после создает поток 2 (в свою очередь поток 2 выводит информацию о себе и имитирует работу), задает временной интервал (interval = 5), после которого поток 1 отправит потоку 2 сигнал SIGUSR1. Далее поток 1 отправляет с помощью функции pthread_kill() потоку 2 сигнал SIGUSR1 и он сразу же прерывает работу. 
Поскольку у потока 2 нет обработчика прерывания, он аварийно завершает работу и сообщение "поток 2 завершил работу" не выводится потому, что поток убит сигналом. Поток 1 ожидает завершения потока 2 через pthread_join, но поток 2 завершается аварийно, поэтому поток 1 заблокировался и сообщение "поток 1 завершил работу" не вывелось.

1.2. 
Дополним программу из прошлого задания обработчиком сигнала для потока 2:
ksenox@pupup:~$ gcc -o lb3_task_1_2 lb3_task_1_2.c
ksenox@pupup:~$ ./lb3_task_1_2 
поток 1: pid = 6179, tid = 6180
поток 1: SIGUSR1 будет отправлен потоку 2 после 5 секунд, 1744323317 
поток 2: pid = 6179, tid = 6181
поток 2 работает 
поток 2 работает 
поток 2 работает 
поток 2 работает 
поток 2 работает 
поток 1: SIGUSR1 отправлен потоку 2 в 1744323322 секунд
поток 1: поток 2 остановлен в 1744323322 секунд
поток 2: сигнал SIGUSR1 принят
поток 2 завершил работу
поток 1 завершил работу

В программе происходит следующее: сначала создается поток 1: он выводит информацию о себе (pid и tid), после создает поток 2 (в свою очередь поток 2 выводит информацию о себе и имитирует работу), задает временной интервал (interval = 5), после которого поток 1 отправит потоку 2 сигнал SIGUSR1. Далее поток 1 отправляет с помощью функции pthread_kill() потоку 2 сигнал SIGUSR1, и тот в свою очередь принимает сигнал через обработчик и прерывает свое выполнение. Далее поток 1 ждет, пока поток 2 завершиться и после завершается сам. Видим, что при обработчике сигнал SIGUSR1 обрабатывается и не завершается аварийно. Программа завершилась корректно.

2. Обработчик сигналов.
ksenox@pupup:~$ date
Thu Apr 10 10:19:00 PM UTC 2025

2.1. Перехватим сигнал "CTRL+C" сначала однократно для процесса (через обработчик прерывания):
ksenox@pupup:~$ gcc -o lb3_task_2_1 lb3_task_2_1.c
ksenox@pupup:~$ ./lb3_task_2_1 
программа работает
программа работает
^Cсигнал SIGINT (CTRL C) принят
программа работает
программа работает
программа работает
^C

Видим, что программа перехватила сигнал в обработчике прерывания (с помощью замены первого сигнала SIGINT на SIG_DEF), а при повторном сигнале завершилась.

2.2. Перехватим сигнал "CTRL+C" однократно для потока(через восстановление стандартного поведения):
ksenox@pupup:~$ gcc -o lb3_task_2_2 lb3_task_2_2.c
ksenox@pupup:~$ ./lb3_task_2_2
программа работает
поток ожидает SIGINT
^Cпоток получил SIGINT
программа работает
^Cпрограмма работает
программа работает
^Z
[5]+  Остановлен    ./lb3_task_2_2

В программе напраляем сигнал так, чтобы он игнорировался в главном потоке, а в созданном потоке обрабатывался. Видим, что при первой попытке отправить сигнал CTRL C он был обработан и поток завершился, но главный поток продолжал работать вне зависимости от количества поступаемых сигналов. Было это сделано для того, чтобы программа не завершилась сразу же из-за того, что сигнал был бы отправлен главному потоку.

2.3. Перехватим сигнал многократно для процесса с восстановлением исходного обработчика после нескольких срабатываний:
ksenox@pupup:~$ gcc -o lb3_task_2_3 lb3_task_2_3.c
ksenox@pupup:~$ ./lb3_task_2_3
программа работает
программа работает
программа работает
^Cсигнал SIGINT (CTRL C) принят 1 раз
программа работает
программа работает
^Cсигнал SIGINT (CTRL C) принят 2 раз
программа работает
программа работает
^Cсигнал SIGINT (CTRL C) принят 3 раз
обработчик восстановлен
программа работает
^C

Видим, что после трех сигналов CTRL C обработчик восстанавливается и программа завершает выполнение.

2.4. Перехватим сигнал многократно для потока с восстановлением исходного обработчика после нескольких срабатываний:
ksenox@pupup:~$ gcc -o lb3_task_2_4 lb3_task_2_4.c
ksenox@pupup:~$ ./lb3_task_2_4
программа работает
поток ожидает SIGINT
программа работает
^Cпоток получил SIGINT 1 раз
поток ожидает SIGINT
программа работает
^Cпоток получил SIGINT 2 раз
поток ожидает SIGINT
программа работает
программа работает
^Cпоток получил SIGINT 3 раз
обработчик восстановлен
поток ожидает SIGINT
программа работает
программа работает
^C

Видим, что после CTRL C обработчик восстанавливается в потоке и программа завершает выполнение (главный поток и созданный поток завершаются одновременно).

2.5. Создадим программу, где переназначим другую комбинацию клавиш:
ksenox@pupup:~$ gcc -o lb3_task_2_5 lb3_task_2_5.c
ksenox@pupup:~$ ./lb3_task_2_5
ctrl c (sigint) -> ctrl d
ctrl z (sigquit) -> ctrl x
^Z
^Z
^C
^Dперехвачен переназначенный sigint
^Dперехвачен переназначенный sigint
^X
[13]+  Остановлен    ./lb3_task_2_5

Видим, что изначальные комбинации клавиш ctrl+c и ctrl+z в программе были заменены на ctrl+d и ctrl+x. При нажатии на сtrl+c и ctrl+z программа ничего не выводила, но на новые комбинации выполняла нужные задачи (перехватывала сигнал и завершала работу).
s
3. Управление линейкой сигналов (POSIX).
ksenox@pupup:~$ date
Sat Apr 12 05:54:01 PM UTC 2025

3.1. Продемонстрирую возможности управления линейкой сигналов, включая собственные обработчики и маскирование для разных сигналов, а также вариативность, предоставляемую структурами sigaction(act/oldact):
ksenox@pupup:~$ gcc -o lb3_task_3_1 lb3_task_3_1.c
ksenox@pupup:~$ ./lb3_task_3_1
программа работает, pid = 15624
программа работает, pid = 15624
sigusr2 получен
программа работает, pid = 15624
sigusr1 получен 1 раз
sigusr2 получен
программа работает, pid = 15624
sigusr2 получен
программа работает, pid = 15624
sigusr1 получен 2 раз
sigusr1 получен 3 раз
достигнут лимит получения sigusr1, восстанавливаем старый обработчик
Определяемый пользователем сигнал 1

В другом терминале было написано следующее:
ksenox@pupup:~$ kill -USR2 15624
ksenox@pupup:~$ kill -USR1 15624
ksenox@pupup:~$ kill -USR2 15624
ksenox@pupup:~$ kill -USR2 15624
ksenox@pupup:~$ kill -USR2 15624
ksenox@pupup:~$ kill -USR1 15624
ksenox@pupup:~$ kill -USR1 15624
ksenox@pupup:~$ kill -USR1 15624

Программа работает следующим образом: были установлены два пользовательских обработчика сигнала с использование структуры sigaction - 
1)  sigusr1 - обработчик с внутренним счетчиком срабатываний, восстанавливается после трех вызовов.
2) sigusr2 - обработчик, выводящий сообщение.
С помощью sa_mask был временно заблокирован сигнал во время обработки sigusr1 (это показывает, что можно блокировать сигналы, которые не должны быть доставлены одновременно с текущим). В результате сигнал sigusr2, отправленный во время обработки sigusr1, обрабатывается только после выхода из обработчика sigusr1.
Также была использована возможность сохранения предыдущего обработчика (oldact) и последующего его восстановления, что показывает гибкость управления сигналами во времени. Получается, что с помощью sigaction() можно устанавливать собственные обработчики, маскировать сигналы, сохранять и восстанавливать предыдущие обработчики.

3.2. Реализуем надежные сигналы и организуем эксперимент для доказательства отложенной обработки:
ksenox@pupup:~$ gcc -o lb3_task_3_2_queue lb3_task_3_2_queue.c
ksenox@pupup:~$ ./lb3_task_3_2_queue 
программа работает, pid = 16578
программа работает, pid = 16578
sig1 получен
sig1 завершает работу
sig2 получен 1 раз
sig2 получен 2 раз
sig2 получен 3 раз
программа работает, pid = 16578
^C

В другом терминале писалось следующее:
ksenox@pupup:~$ kill -SIGRTMIN 16578
ksenox@pupup:~$ kill -SIGRTMIN+1 16578
ksenox@pupup:~$ kill -SIGRTMIN+1 16578
ksenox@pupup:~$ kill -SIGRTMIN+1 16578

Сначала вызваем sig1(sigrtmin), и пока он выполнялся, вызваем три sig2(sigrtmin+1). Видим, что sig2 сработали только тогда, когда sig1 завершил работу, что и говорит об отложенной обработки сигналов sig2 с помощью маскировки. Важно, что "очередь" сигналов работает с надежными сигналами (стандартные сигналы же не ставятся в очередь - если один сигнал пришел несколько раз подряд, то будет обрабатываться только один).

4. Сигналы реального времени.
ksenox@pupup:~$ date
Sun Apr 13 10:29:06 AM UTC 2025

4.1. Проверим наличие приоритетов для сигналов реального времени:
ksenox@pupup:~$ gcc -o lb3_task_4_1 lb3_task_4_1.c
ksenox@pupup:~$ ./lb3_task_4_1
получен сигнал 48 (SIGRTMIN 14)
получен сигнал 46 (SIGRTMIN 12)
получен сигнал 44 (SIGRTMIN 10)
получен сигнал 41 (SIGRTMIN 7)
получен сигнал 39 (SIGRTMIN 5)
получен сигнал 37 (SIGRTMIN 3)
получен сигнал 36 (SIGRTMIN 2)
получен сигнал 34 (SIGRTMIN 0)

В самой программе в произвольном порядке выводим сигналы реального времени, но по итогу они выполнились в соответствии со своими приоритетами. Получается, что чем выше номер сигнала, тем выше его приоритет в очереди обработки.

4.2. Теперь проверим приоритеты для всего списка сигналов:
ksenox@pupup:~$ gcc -o lb3_task_4_2 lb3_task_4_2.c
ksenox@pupup:~$ ./lb3_task_4_2
обработан 39 SIGRTMIN+5
обработан 37 SIGRTMIN+3
обработан 34 SIGRTMIN+0
обработан 15 Terminated
обработан 12 User defined signal 2
обработан 10 User defined signal 1
обработан 2 Interrupt

В программе в произвольном порядке выводились разные сигналы в зависимости от их приоритета. Получаем следующие приоритеты для всех сигналов:
1) Наивысший приоритет имеют сигналы реального времени.
2) После SIGRTMIN были обработаны стандартные сигналы, что показывает, что они имеют более низкий приоритет.
Получаем, что максимальный приоритет имеют сигналы реального времени, а минимальный приоритет - стандартные сигналы (например, SIGKILL и SIGSTOP - они в программе не проверяются, т.к. их нельзя перехватить и заблокировать).

4.3. Проверим возможность организации очереди для различных типов сигналов.
4.3.1. Проверим возможность организации очереди для обычных типов сигналов:
ksenox@pupup:~$ gcc -o lb3_task_4_3_1 lb3_task_4_3_1.c
ksenox@pupup:~$ ./lb3_task_4_3_1
программа работает, pid = 4616
программа работает, pid = 4616
sigusr1 получен
sigusr1 завершает работу
sigusr2 получен 1 раз
программа работает, pid = 4616
программа работает, pid = 4616

В другом терминале вводим следующее:
ksenox@pupup:~$ kill -SIGUSR1 4616
ksenox@pupup:~$ kill -SIGUSR2 4616
ksenox@pupup:~$ kill -SIGUSR2 4616
ksenox@pupup:~$ kill -SIGUSR2 4616

Сначала запускаем один сигнал sigusr1, который обрабатывался 10 с. Во время его обработки вводим другие сигналы sigusr2, чтобы создать очередь. Но в итоге выполнился один сигнал и программа продолжила работать, пропуская некоторое множество сигналов sigusr2. 
Получаем, что стандартные сигналы не поддерживают очередь и повторные сигналы одного типа могут быть потеряны.

4.3.2. Проверим возможность организации очереди для сигналов реального времени:
ksenox@pupup:~$ ./lb3_task_4_3_2
программа работает, pid = 5005
sig1 получен
sig1 завершает работу
sig2 получен 1 раз
sig2 получен 2 раз
sig3 получен 1 раз
sig3 получен 2 раз
sig3 получен 3 раз
программа работает, pid = 5005

В другом терминале вводим следующее:
ksenox@pupup:~$ kill -SIGRTMIN+4 5005
ksenox@pupup:~$ kill -SIGRTMIN+7 5005
ksenox@pupup:~$ kill -SIGRTMIN+7 5005
ksenox@pupup:~$ kill -SIGRTMIN+14 5005
ksenox@pupup:~$ kill -SIGRTMIN+14 5005
ksenox@pupup:~$ kill -SIGRTMIN+7 5005

Сначала запускаем один сигнал sig1(SIGRTMIN+4), который обрабатывался 10 с. Во время его обработки вводим другие сигналы sig2(SIGRTMIN+14) и sig3(SIGRTMIN+7) (sig2 имеет приоритет выше, чем sig3), чтобы также создать очередь. В итоге выполняются все сигналы с порядке своего приоритета.
Получаем, что сигналы реального времени поддерживают очередь и выполняются в соответствии со своим приоритетом.

4.3.3. Проверим возможность организации очереди для сигналов смешанного набора:
ksenox@pupup:~$ ./lb3_task_4_3_3
программа работает, pid = 5269
sig1 получен
sig1 завершает работу
sig3 получен 1 раз
sig3 получен 2 раз
sig3 получен 3 раз
sig2 получен 1 раз
программа работает, pid = 5269
программа работает, pid = 5269

В другом терминале вводим следующее:
ksenox@pupup:~$ kill -SIGRTMIN+4 5269
ksenox@pupup:~$ kill -SIGRTMIN+7 5269
ksenox@pupup:~$ kill -SIGRTMIN+7 5269
ksenox@pupup:~$ kill -SIGUSR1 5269
ksenox@pupup:~$ kill -SIGUSR1 5269
ksenox@pupup:~$ kill -SIGRTMIN+7 5269

Сначала запускаем сигнал sig1(SIGRTMIN+4), который обрабатывался 10 с. Во время его обработки вводим другие сигналы sig2(SIGUSR1) и sig3(SIGRTMIN+7) в разном порядке и количестве, чтобы также создать очередь. В итоге sig3(SIGRTMIN+7) выполняется первым (поскольку данный сигнал приоритетнее стандартного) и после выполняется стандартный сигнал sig2(SIGUSR1) один раз.

Подведем итог: сигналы реального времени образуют очередь и выполняются строго по своим приоритетам, а стандартные сигналы выполняются единожды (очереди не образуют), несмотря на количество их вызовов.

4.4. Проверим, что обработка равно-приоритетных сигналов реального времени происходит в порядке FIFO:
ksenox@pupup:~$ gcc -o lb3_task_4_4 lb3_task_4_4.c
ksenox@pupup:~$ ./lb3_task_4_4
sig1 0->1 получен 
sig1 1->2 получен 
sig1 2->3 получен 
sig1 3->4 получен 
sig1 4->5 получен

Видим, что равно-приоритетные сигналы реального времени принимаются в порядке FIFO.

5. Разделяемая память и средства синхронизации.
ksenox@pupup:~$ date
Tue Apr 15 01:01:02 PM UTC 2025

5.1. Обеспечим разделение памяти и необходимую синхронизацию между независимыми процессами так, чтобы один из процессов мог записывать информацию, а другой считывать, по мере готовности и без потери данных для обоих процессов:
ksenox@pupup:~$ gcc -o lb3_task_5_1_writer lb3_task_5_1_writer.c 
ksenox@pupup:~$ gcc -o lb3_task_5_1_reader lb3_task_5_1_reader.c
Открываем параллельно два терминала и в одном вызываем writer, в другом reader:
ksenox@pupup:~$ ./lb3_task_5_1_writer
введите сообщение ('exit' для выхода): привет
введите сообщение ('exit' для выхода): как 
введите сообщение ('exit' для выхода): дела
введите сообщение ('exit' для выхода): ?
введите сообщение ('exit' для выхода): exit

ksenox@pupup:~$ ./lb3_task_5_1_reader 
прочитано сообщение: привет
прочитано сообщение: как
прочитано сообщение: дела
прочитано сообщение: ?

5.2. Применим различные системные средства синхронизации для решения предыдущей задачи и сравниваем их эффективность:
1) POSIX семафоры уже были реализованы выше (они просты в использовании, можно использовать по имени, поддерживается почти везде и хорошо подходит для синхронизации между независимыми процессами);
2) System V семафоры - реализуем их:
ksenox@pupup:~$ gcc -o lb3_task_5_2_systemv_reader lb3_task_5_2_systemv_reader.c 
ksenox@pupup:~$ gcc -o lb3_task_5_2_systemv_writer lb3_task_5_2_systemv_writer.c
Открываем параллельно два терминала и в одном вызываем writer, в другом reader:
ksenox@pupup:~$ ./lb3_task_5_2_systemv_writer 
введите сообщение ('exit' для выхода): привет
введите сообщение ('exit' для выхода): как
введите сообщение ('exit' для выхода): дела
введите сообщение ('exit' для выхода): ?
введите сообщение ('exit' для выхода): exit

ksenox@pupup:~$ ./lb3_task_5_2_systemv_reader 
прочитано сообщение: привет
прочитано сообщение: как
прочитано сообщение: дела
прочитано сообщение: ?

Получаем, что данная реализация показывает такие же результаты, но system v семафоры более низкоуровневые, у них нет имен (только key_t), они труднее очищаются и сложнее в использовании.

3) mutex между процессами (через fork()):
ksenox@pupup:~$ gcc -o lb3_task_5_2_mutex lb3_task_5_2_mutex.c 
ksenox@pupup:~$ ./lb3_task_5_2_mutex
введите сообщение ('exit' для выхода): привет
прочитано сообщение: привет
введите сообщение ('exit' для выхода): как
прочитано сообщение: как
введите сообщение ('exit' для выхода): дела
прочитано сообщение: дела
введите сообщение ('exit' для выхода): exit

Получаем, что данная реализация может работать только с одним файлом. Но mutex работают только при корректной инициализации флага (PTHREAD_PROCESS_SHARED); нет автоматического ожидания (нужна проверка); mutex не умеет уведомлять, когда данные готовы; их нельзя использовать между процессорами на разных машинах. 

Подытожим: mutex хороши для взаимного исключения, но в контексте обмена сообщениями или ожидания событий семафоры гораздо удобнее.

5.3. Попробуем заменить процессы на потоки одного процесса и повторим эксперимент 5.2:
1) POSIX семафоры:
ksenox@pupup:~$ gcc -o lb3_task_5_3_pthread_posix lb3_task_5_3_pthread_posix.c 
ksenox@pupup:~$ ./lb3_task_5_3_pthread_posix
введите сообщение ('exit' для выхода): fgjl
прочитано сообщение: fgjl
введите сообщение ('exit' для выхода): 2kjh4l3
прочитано сообщение: 2kjh4l3
введите сообщение ('exit' для выхода): 2k3jlkj
прочитано сообщение: 2k3jlkj
введите сообщение ('exit' для выхода): kem
прочитано сообщение: kem
введите сообщение ('exit' для выхода): exit

Получаем, что posix семафоры хорошо себя показывают: они удобные в использовании и быстро работают.

2) System V семафоры:
ksenox@pupup:~$ gcc -o lb3_task_5_3_pthread_systemv lb3_task_5_3_pthread_systemv.c 
ksenox@pupup:~$ ./lb3_task_5_3_pthread_systemv 
введите сообщение ('exit' для выхода): rgjl
прочитано сообщение: rgjl
введите сообщение ('exit' для выхода): sdfjh
прочитано сообщение: sdfjh
введите сообщение ('exit' для выхода): aliejjl
прочитано сообщение: aliejjl
введите сообщение ('exit' для выхода): exit

Получаем, что system v сложнее и чуть медленнее, чем posix, но работает также корректно.

3) mutex:
ksenox@pupup:~$ gcc -o lb3_task_5_3_pthread_mutex lb3_task_5_3_pthread_mutex.c 
ksenox@pupup:~$ ./lb3_task_5_3_pthread_mutex
ksenox@pupup:~$ ./lb3_task_5_3_pthread_mutex
введите сообщение ('exit' для выхода): привет
прочитано сообщение: привет
введите сообщение ('exit' для выхода): как
прочитано сообщение: как
введите сообщение ('exit' для выхода): дела
прочитано сообщение: дела
введите сообщение ('exit' для выхода): exit

Получаем, что флаги для mutex не нужны и производительность быстрее (по сравнению с использованием mutex в процессах).

В итоге получаем, через потоки общая память выделяется автоматически (поскольку потоки имеют общее адресное пространство) и через них удобнее работать с общей памятью (не нужно как в процессах объявлять shared_memory). POSIX семафоры и mutex использовать лучше для потоков (только mutex не получится использовать при n потоках), system v подходят больше для процессов.

6. Взаимодействие посредством каналов и очередей сообщений.
ksenox@pupup:~$ date
Tue Apr 15 09:03:48 PM UTC 2025

6.1. Приведем примеры использования каналов pipe в командной строке:
Ищем строки в ls -l с расширением .c и выводим 5 первых строк:
ksenox@pupup:~$ ls -l | grep ".c" | head -n 5
drwxr-xr-x 2 ksenox ksenox  4096 Feb 17 21:39 Documents
-rw-rw-r-- 1 ksenox ksenox  1996 Apr 10 15:43 lb3_task_1_1.c
-rw-rw-r-- 1 ksenox ksenox  2329 Apr 10 15:40 lb3_task_1_2.c
-rw-rw-r-- 1 ksenox ksenox   465 Apr 12 16:45 lb3_task_2_1.c
-rw-rw-r-- 1 ksenox ksenox   692 Apr 12 16:52 lb3_task_2_2.c

Количество строк в файле:
ksenox@pupup:~/Desktop$ cat lab3.log | wc -l
491

Все процессы, связанные с firefox:
ksenox@pupup://home/ksenox$ ps aux | grep firefox
ksenox     14798  0.0  0.0   9308  2276 pts/2    S+   22:55   0:00 grep --color=auto firefox

Ограничение каналов pipe:
1) передача происходит только одного процесса к другому;
2) через pipe можно обмениваться только между родственными процессами (родитель и потомок);
3) размер буфера посмотрим в файле системы:
ksenox@pupup://home/ksenox$ cat /proc/sys/fs/pipe-max-size 
1048576
4) жесткий лимит на общее число страниц памяти посмотрим в файле системы:
ksenox@pupup://home/ksenox$ cat /proc/sys/fs/pipe-user-pages-hard 
0
0 означает, что ограничение на количество страниц памяти отключено.
5) мягкий лимит на общее число страниц в памяти посмотрим в файле системы:
ksenox@pupup:/proc/sys/fs$ cat /proc/sys/fs/pipe-user-pages-soft 
16384
Если превысить лимит, то новый канал pipe не создастся и вызов вернет ошибку.

Реализуем данный вид взаимодействия программно:
ksenox@pupup:~$ ./lb3_task_6_1 
дочерний процесс получил привет мир!

В программе создается канал pipe (fd[0] - для чтения, fd[1] - для записи), после создаются два процесса (родительский и дочерний) и у каждого свои копии fd. Каждый процесс закрывает ненужный конец: родитель закрывает fd[0], т.к. не читает, а дочерний закрывает fd[1], т.к. не пишет. В своих процессах родитель записывает строчку и сообщение уходит в буфер ядра, а дочерний получает и читает то, что отправил ему родитель. 

6.2. Реализуем канал fifo из командной строки:
Запустим канал fifo в одном терминале:
ksenox@pupup:~$ mkfifo myfifo
ksenox@pupup:~$ cat myfifo 

Пишем во второй терминал следующее:
ksenox@pupup:~$ echo "hello" > myfifo

Получаем следующее в первом терминале:
hello

Реализуем программу с каналом fifo:
ksenox@pupup:~$ gcc -o lb3_task_6_2 lb3_task_6_2.c 
ksenox@pupup:~$ ./lb3_task_6_2 
введите сообщение 1: привет
получено сообщение: привет
введите сообщение 2: как
получено сообщение: как
введите сообщение 3: дела
получено сообщение: дела

Получаем следующее: один процесс пишет данные в fifo (как в обычный файл), другой процесс читает данные из fifo и все это происходит синхронно.

Проверим процессы, которые используют fifo:
ksenox@pupup:~$ lsof | grep myfifo 
lb3_task_ 3434                              ksenox    3w     FIFO                8,2       0t0 2491342 /home/ksenox/myfifo (deleted)
lb3_task_ 3435                              ksenox    3r     FIFO                8,2       0t0 2491342 /home/ksenox/myfifo (deleted)
lb3_task_ 3494                              ksenox    3r     FIFO                8,2       0t0 2491342 /home/ksenox/myfifo (deleted)
lb3_task_ 4117                              ksenox    3w     FIFO                8,2       0t0 2500141 /home/ksenox/myfifo (deleted)
lb3_task_ 4118                              ksenox    3r     FIFO                8,2       0t0 2500141 /home/ksenox/myfifo (deleted)
lb3_task_ 4123                              ksenox    3w     FIFO                8,2       0t0 2500211 /home/ksenox/myfifo (deleted)
lb3_task_ 4124                              ksenox    3r     FIFO                8,2       0t0 2500211 /home/ksenox/myfifo (deleted)
ksenox@pupup:~$ ls -l /proc/3434/fd
итого 0
lrwx------ 1 ksenox ksenox 64 Apr 16 12:29 0 -> /dev/pts/0
lrwx------ 1 ksenox ksenox 64 Apr 16 12:29 1 -> /dev/pts/0
lrwx------ 1 ksenox ksenox 64 Apr 16 12:29 2 -> /dev/pts/0
l-wx------ 1 ksenox ksenox 64 Apr 16 12:29 3 -> '/home/ksenox/myfifo (deleted)'

Дескриптор 3 - это открытый именованный канал fifo, который был использован процессом на запись.

Проведем характеристику порождаемого fifo файла:
ksenox@pupup:~$ ls -l | grep "myfifo"
prw-rw-r-- 1 ksenox ksenox     0 Apr 16 10:49 myfifo
Видим, что myfifo - именованный канал pipe(FIFO). Размер FIFO 0, поскольку это не файл, а канал.

ksenox@pupup:~$ stat myfifo 
  Файл: myfifo
  Размер: 0         	Блоков: 0          Блок В/В: 4096   файл-очередь
Устройство: 8/2	Инода: 2500220     Ссылки: 1
Доступ: (0664/prw-rw-r--)  Uid: ( 1000/  ksenox)   Gid: ( 1000/  ksenox)
Доступ:        2025-04-16 10:49:28.562321780 +0000
Модифицирован: 2025-04-16 10:49:28.562321780 +0000
Изменён:       2025-04-16 10:49:28.562321780 +0000
Создан:        2025-04-16 10:46:40.396786196 +0000

ksenox@pupup:~$ file myfifo 
myfifo: fifo (named pipe)

Получаем, что fifo фал имеет тип именованного канала, его размер всегда = 0 (данные в буфере ядра), обмен может происходить между любыми процессами, буфер лимитируется также, как у pipe. Также fifo имеет имя в файловой системе и живет в ней, пока не будет удален.

6.3. Осуществим передачу информации посредством очередей сообщений (c ожиданием):
ksenox@pupup:~$ gcc -o lb3_task_6_3 lb3_task_6_3.c 
ksenox@pupup:~$ ./lb3_task_6_3
получено сообщение: сегодня хороший день

Теперь реализуем очередь сообщений без ожидания ("почтовый ящик"):
ksenox@pupup:~$ gcc -o lb3_task_6_3_sender lb3_task_6_3_sender.c 
ksenox@pupup:~$ gcc -o lb3_task_6_3_receiver lb3_task_6_3_receiver.c 
ksenox@pupup:~$ ./lb3_task_6_3_sender 
введите сообщение: dfjgk
сообщение отправлено
ksenox@pupup:~$ ./lb3_task_6_3_sender 
введите сообщение: sdklkl
сообщение отправлено
ksenox@pupup:~$ ./lb3_task_6_3_sender 
введите сообщение: sldfkgksldf
сообщение отправлено
ksenox@pupup:~$ ./lb3_task_6_3_receiver 
получено сообщение: dfjgk
получено сообщение: sdklkl
получено сообщение: sldfkgksldf
нет больше сообщений

Получаем, что сначала отправитель кладет сообщения в очередь. После, получатель читает сообщение после вызова своей программы независимо от отправителя. Очередь сообщений хранится в ядре пока сообщение не будет получено, или очередь не будет удалена.

Ограничения для очереди сообщений:
Максимальный размер одного сообщения в байтах:
ksenox@pupup:~$ cat /proc/sys/kernel/msgmax 
8192
Максимальный размер всей очереди сообщений:
ksenox@pupup:~$ cat /proc/sys/kernel/msgmnb
16384
Максимальное число очередей сообщений в системе:
ksenox@pupup:~$ cat /proc/sys/kernel/msgmni
32000

Ограничения для каналов:
Максимальный размер буфера pipe:
ksenox@pupup://home/ksenox$ cat /proc/sys/fs/pipe-max-size 
1048576
Жесткий лимит на общее число страниц памяти:
ksenox@pupup://home/ksenox$ cat /proc/sys/fs/pipe-user-pages-hard 
0
0 означает, что ограничение на количество страниц памяти отключено.
Мягкий лимит на общее число страниц в памяти:
ksenox@pupup:/proc/sys/fs$ cat /proc/sys/fs/pipe-user-pages-soft 
16384

7. Сокеты, как средство IPC OC.
ksenox@pupup:~$ date
Wed Apr 16 04:19:29 PM UTC 2025

Ознакомимся с ограничениями на реализацию сокетов:
1. Размер входного (приемного) буфера сокета:
ksenox@pupup:~$ cat /proc/sys/net/core/rmem_max
212992
2. Размер выходного (отправного) буфера сокета:
ksenox@pupup:~$ cat /proc/sys/net/core/wmem_max
212992
3. Количество соединений в очереди(максимум подключений в очереди ожидания):
ksenox@pupup:~$ cat /proc/sys/net/core/somaxconn 
4096
4. Лимит UDP-портов (диапазон портов, выделяемый автоматически для исходящих UDP-соединений):
ksenox@pupup:~$ cat /proc/sys/net/ipv4/ip_local_port_range 
32768	60999
5. Очередь не полученных пакетов UDP (размер очереди для входящих пакетов, которые еще не были обработаны ядром):
ksenox@pupup:~$ cat /proc/sys/net/core/netdev_max_backlog 
1000

7.1. Выполним передачу информации локально посредством сокетов по TCP/IP:
в одном терминале запускаем сервер:
ksenox@pupup:~$ gcc -o lb3_task_7_1_tcp_server lb3_task_7_1_tcp_server.c 
ksenox@pupup:~$ gcc -o lb3_task_7_1_tcp_client lb3_task_7_1_tcp_client.c 
ksenox@pupup:~$ ./lb3_task_7_1_tcp_server 
сервер ожидает подклюение

в другом запускаем клиента:
ksenox@pupup:~$ ./lb3_task_7_1_tcp_client 
ответ сервера: сегодня хороший день

получаем в первом терминале следующее:
ksenox@pupup:~$ ./lb3_task_7_1_tcp_server 
сервер ожидает подключение
получено сообщение: привет, сервер

Программа передает данные по TCP/IP сокетам между сервером и клиентом, работающим на одной машине через localhost. Сервер создает сокет, привязывает его к порту 8080 и начинает прослушивание входящих подключений. Клиент подключается к серверу, отправляет ему текстовое сообщение, после чего сервер его принимает, выводит на экран и отправляет клиенту ответ. Клиент, в свою очередь, получает это сообщение и также выводит на экран. Все это реализуется с помощью системных вызовов сокетного программирования.

7.2. Выполним аналогичное взаимодействие на основе UDP:
в одном терминале запускаем сервер:
ksenox@pupup:~$ gcc -o lb3_task_7_2_udp_server lb3_task_7_2_udp_server.c 
ksenox@pupup:~$ gcc -o lb3_task_7_2_udp_client lb3_task_7_2_udp_client.c 
ksenox@pupup:~$ ./lb3_task_7_2_udp_server 
сервер ожидает подключение

в другом запускаем клиента:
ksenox@pupup:~$ ./lb3_task_7_2_udp_client 
ответ сервера: сегодня хороший день

получаем в первом терминале следующее:
ksenox@pupup:~$ ./lb3_task_7_2_udp_server 
сервер ожидает подключение
получено сообщение: привет, сервер

7.3. Настроим сетевое взаимодействие и повторим эксперимент в сетевом режиме (посредством сокетов TCP/IP и UDP):

TCP
в одном терминале запускаем сервер:
ksenox@pupup:~$ gcc -o lb3_task_7_3_tcp_client lb3_task_7_3_tcp_client.c 
ksenox@pupup:~$ gcc -o lb3_task_7_3_tcp_server lb3_task_7_3_tcp_server.c 
ksenox@pupup:~$ ./lb3_task_7_3_tcp_server 
TCP сервер ожидает подключение

в другом запускаем клиента:
ksenox@pupup:~$ ./lb3_task_7_3_tcp_client 
получено от сервера: привет, клиент!

получаем в первом терминале следующее:
ksenox@pupup:~$ ./lb3_task_7_3_tcp_server 
TCP сервер ожидает подключение
получено сообщение: привет, сервер!

Программа использует сокеты для сетевого взаимодействия по протоколу TCP.

UDP
в одном терминале запускаем сервер:
ksenox@pupup:~$ gcc -o lb3_task_7_3_udp_server lb3_task_7_3_udp_server.c 
ksenox@pupup:~$ gcc -o lb3_task_7_3_udp_client lb3_task_7_3_udp_client.c 
ksenox@pupup:~$ ./lb3_task_7_3_udp_server 
UDP сервер ожидает подключение

в другом запускаем клиента:
ksenox@pupup:~$ ./lb3_task_7_3_udp_client 
ответ от сервера: привет, клиент!

получаем в первом терминале следующее:
ksenox@pupup:~$ ./lb3_task_7_3_udp_server 
UDP сервер ожидает подключение
получено сообщение: привет, сервер!

Программа использует сокеты для сетевого взаимодействия по протоколу UDP.

Продемонстрирую разницу между TCP и UDP с помощью тестирования с 10, 100 и 1000 клиентами (с замерами времени):
Тестируем TCP:
в одном терминале запускаем сервер:
ksenox@pupup:~$ ./lb3_task_7_3_tcp_server 
TCP сервер ожидает подключение

в другом терминале запускаем тестирование 10, 100 и 1000 клиентов для TCP:
ksenox@pupup:~$ gcc -o lb3_task_7_3_tests lb3_task_7_3_tests.c
ksenox@pupup:~$ ./lb3_task_7_3_tests TCP 10
запуск теста для 10 клиентов с использованием TCP
клиент завершает работу
клиент завершает работу
клиент завершает работу
клиент завершает работу
клиент завершает работу
клиент завершает работу
клиент завершает работу
клиент завершает работу
клиент завершает работу
клиент завершает работу
тест завершён за 0.0048 секунд

ksenox@pupup:~$ ./lb3_task_7_3_tests TCP 100
запуск теста для 100 клиентов с использованием TCP
клиент завершает работу
клиент завершает работу
клиент завершает работу
клиент завершает работу
...
клиент завершает работу
клиент завершает работу
тест завершён за 1.0872 секунд

ksenox@pupup:~$ ./lb3_task_7_3_tests TCP 1000
запуск теста для 1000 клиентов с использованием TCP
клиент завершает работу
клиент завершает работу
клиент завершает работу
...
клиент завершает работу
клиент завершает работу
тест завершён за 2.3671 секунд

Тестируем UDP:
в одном терминале запускаем сервер:

в другом терминале запускаем тестирование 10, 100 и 1000 клиентов для UDP:
ksenox@pupup:~$ ./lb3_task_7_3_tests UDP 10
запуск теста для 10 клиентов с использованием UDP
клиент завершает работу
клиент завершает работу
клиент завершает работу
клиент завершает работу
клиент завершает работу
клиент завершает работу
клиент завершает работу
клиент завершает работу
клиент завершает работу
клиент завершает работу
тест завершён за 0.0026 секунд

ksenox@pupup:~$ ./lb3_task_7_3_tests UDP 100
запуск теста для 100 клиентов с использованием UDP
клиент завершает работу
клиент завершает работу
клиент завершает работу
...
клиент завершает работу
клиент завершает работу
тест завершён за 0.0942 секунд

ksenox@pupup:~$ ./lb3_task_7_3_tests UDP 1000
запуск теста для 1000 клиентов с использованием UDP
клиент завершает работу
клиент завершает работу
клиент завершает работу
...
клиент завершает работу
клиент завершает работу
тест завершён за 0.4050 секунд

Исходя из тестов видим, что UDP работает быстрее, но ненадежно (некоторые данные могут терятся). TCP же работает медленнее, но надежно.
