Лабораторная работа №1. Файловые системы Unix-подобных систем.
Копасова Ксения, группа 3384

ksenox@pupup:~$ date
Sun Feb 23 10:48:19 AM UTC 2025
ksenox@pupup:~$ who
ksenox   seat0        2025-02-23 10:23 (login screen)
ksenox   tty2         2025-02-23 10:23 (tty2)
ksenox@pupup:~$ uname -a
Linux pupup 6.11.0-17-generic #17~24.04.2-Ubuntu SMP PREEMPT_DYNAMIC Mon Jan 20 22:48:29 UTC 2 x86_64 x86_64 x86_64 GNU/Linux
ksenox@pupup:~$ hostnamectl
 Static hostname: pupup
       Icon name: computer-vm
         Chassis: vm 🖴
      Machine ID: ba2a136d17fa40178ee31bf155ffbbab
         Boot ID: e15cad77e7cd441591b9128a3fd1250d
  Virtualization: oracle
Operating System: Ubuntu 24.04.1 LTS              
          Kernel: Linux 6.11.0-17-generic
    Architecture: x86-64
 Hardware Vendor: innotek GmbH
  Hardware Model: VirtualBox
Firmware Version: VirtualBox
   Firmware Date: Fri 2006-12-01
    Firmware Age: 18y 2month 3w 3d                
ksenox@pupup:~$ lscpu
Архитектура:               x86_64
  CPU op-mode(s):          32-bit, 64-bit
  Address sizes:           48 bits physical, 48 bits virtual
  Порядок байт:            Little Endian
CPU(s):                    5
  On-line CPU(s) list:     0-4
ID прроизводителя:         AuthenticAMD
  Имя модели:              AMD Ryzen 7 7730U with Radeon Graphics
    Семейство ЦПУ:         25
    Модель:                80
    Потоков на ядро:       1
    Ядер на сокет:         5
    Сокетов:               1
    Степпинг:              0
    BogoMIPS:              3992.34
    Флаги:                 fpu vme de pse tsc msr pae mce cx8 apic sep mtrr pge 
                           mca cmov pat pse36 clflush mmx fxsr sse sse2 ht sysca
                           ll nx mmxext fxsr_opt rdtscp lm constant_tsc rep_good
                            nopl nonstop_tsc cpuid extd_apicid tsc_known_freq pn
                           i pclmulqdq ssse3 cx16 sse4_1 sse4_2 movbe popcnt aes
                            rdrand hypervisor lahf_lm cmp_legacy cr8_legacy abm 
                           sse4a misalignsse 3dnowprefetch vmmcall fsgsbase bmi1
                            bmi2 invpcid rdseed adx clflushopt sha_ni arat debug
                           _swap
Virtualization features:   
  Разработчик гипервизора: KVM
  Тип виртуализации:       полный
Caches (sum of all):       
  L1d:                     160 KiB (5 instances)
  L1i:                     160 KiB (5 instances)
  L2:                      2.5 MiB (5 instances)
  L3:                      80 MiB (5 instances)
NUMA:                      
  NUMA node(s):            1
  NUMA node0 CPU(s):       0-4
Vulnerabilities:           
  Gather data sampling:    Not affected
  Itlb multihit:           Not affected
  L1tf:                    Not affected
  Mds:                     Not affected
  Meltdown:                Not affected
  Mmio stale data:         Not affected
  Reg file data sampling:  Not affected
  Retbleed:                Not affected
  Spec rstack overflow:    Vulnerable: Safe RET, no microcode
  Spec store bypass:       Not affected
  Spectre v1:              Mitigation; usercopy/swapgs barriers and __user point
                           er sanitization
  Spectre v2:              Mitigation; Retpolines; STIBP disabled; RSB filling; 
                           PBRSB-eIBRS Not affected; BHI Not affected
  Srbds:                   Not affected
  Tsx async abort:         Not affected
  
Задание 1.
Создам файл test_ls.txt для того, чтобы записать туда результат работы с командой ls в терминале.

ksenox@pupup:/$ sudo touch home/ksenox/test_ls.txt
ksenox@pupup:/$ cd home/ksenox/
ksenox@pupup:~$ ls -l
итого 128
drwxr-xr-x 2 ksenox ksenox  4096 Feb 17 21:39 Desktop
drwxr-xr-x 2 ksenox ksenox  4096 Feb 17 21:39 Documents
drwxr-xr-x 2 ksenox ksenox  4096 Feb 22 20:10 Downloads
drwxr-xr-x 2 ksenox ksenox  4096 Feb 17 21:39 Music
-rw-rw-r-- 1 ksenox ksenox   162 Feb 23 10:52 mylog.log
drwxr-xr-x 2 ksenox ksenox  4096 Feb 17 21:39 Pictures
drwxr-xr-x 2 ksenox ksenox  4096 Feb 17 21:39 Public
drwx------ 5 ksenox ksenox  4096 Feb 23 09:11 snap
drwxr-xr-x 2 ksenox ksenox  4096 Feb 17 21:39 Templates
-rw-rw-r-- 1 ksenox ksenox 86016 Feb 23 11:19 terminal.log
-rw-r--r-- 1 root   root       0 Feb 23 11:16 test_ls.txt
drwxr-xr-x 2 ksenox ksenox  4096 Feb 17 21:39 Videos
ksenox@pupup:~$ sudo chmod a+w test_ls.txt 
ksenox@pupup:~$ ls -l
итого 132
drwxr-xr-x 2 ksenox ksenox  4096 Feb 17 21:39 Desktop
drwxr-xr-x 2 ksenox ksenox  4096 Feb 17 21:39 Documents
drwxr-xr-x 2 ksenox ksenox  4096 Feb 22 20:10 Downloads
drwxr-xr-x 2 ksenox ksenox  4096 Feb 17 21:39 Music
-rw-rw-r-- 1 ksenox ksenox   162 Feb 23 10:52 mylog.log
drwxr-xr-x 2 ksenox ksenox  4096 Feb 17 21:39 Pictures
drwxr-xr-x 2 ksenox ksenox  4096 Feb 17 21:39 Public
drwx------ 5 ksenox ksenox  4096 Feb 23 09:11 snap
drwxr-xr-x 2 ksenox ksenox  4096 Feb 17 21:39 Templates
-rw-rw-r-- 1 ksenox ksenox 90112 Feb 23 11:22 terminal.log
-rw-rw-rw- 1 root   root       0 Feb 23 11:16 test_ls.txt
drwxr-xr-x 2 ksenox ksenox  4096 Feb 17 21:39 Videos

Поиск обычного файла (-):
ksenox@pupup:/$ sudo ls -lR / | grep "^-" | head -n 1 | sudo tee /home/ksenox/test_ls.txt
-rw-r--r-- 1 root root   292076 Jan 20 20:47 config-6.11.0-17-generic

Поиск директории (d):
ksenox@pupup:/$ sudo ls -lR / | grep "^d" | head -n 1 | sudo tee -a  /home/ksenox/test_ls.txt
drwxr-xr-x   2 root root  4096 Feb 26  2024 bin.usr-is-merged

Поиск символической ссылки (l):
ksenox@pupup:/$ sudo ls -lR / | grep "^l" | head -n 1 | sudo tee -a  /home/ksenox/test_ls.txt
lrwxrwxrwx   1 root root     7 Apr 22  2024 bin -> usr/bin

Поиск блочного устройства (b):
ksenox@pupup:/$ sudo ls -lR / | grep "^b" | head -n 1 | sudo tee -a  /home/ksenox/test_ls.txt
brw-rw----  1 root   disk      7,   0 Feb 23 10:16 loop0

Поиск символьного устройства (с):
ksenox@pupup:/$ sudo ls -lR / | grep "^c" | head -n 1 | sudo tee -a  /home/ksenox/test_ls.txt
crw-r--r--  1 root   root     10, 235 Feb 23 10:16 autofs

Поиск FIFO (p):
ksenox@pupup:/$ sudo ls -lR / | grep "^p" | head -n 1 | sudo tee -a  /home/ksenox/test_ls.txt
prw-------  1 root              root      0 Feb 23 10:16 initctl

Поиск сокета (s):
ksenox@pupup:/$ sudo ls -lR / | grep "^s" | head -n 1 | sudo tee -a  /home/ksenox/test_ls.txt
srw-rw-rw-  1 root              root      0 Feb 23 10:16 snapd-snap.socket

ksenox@pupup:~$ cat test_ls.txt 
-rw-r--r-- 1 root root   292076 Jan 20 20:47 config-6.11.0-17-generic
drwxr-xr-x   2 root root  4096 Feb 26  2024 bin.usr-is-merged
lrwxrwxrwx   1 root root     7 Apr 22  2024 bin -> usr/bin
crw-r--r--  1 root   root     10, 235 Feb 23 10:16 autofs
srw-rw-rw-  1 root              root      0 Feb 23 10:16 snapd-snap.socket
prw-------  1 root              root      0 Feb 23 10:16 initctl
crw-r--r--  1 root   root     10, 235 Feb 23 10:16 autofs

Напишу скрипт, который рекурсивно проходит по директориям и ищет разные ФС:
ksenox@pupup:~$ nano /home/ksenox/find_files_script.sh
ksenox@pupup:~$ cat find_files_script.sh 
#!/bin/bash

if [ -z "$1" ]; then
	echo "Ошибка: не задано имя выходного файла"
	exit 1
fi

out_file=$1
> "$out_file"

find_files(){
	local type="$1"
	
	sudo ls -lR / 2>/dev/null | grep "^$type" |  head -n 1 | sudo tee -a "$out_file"

}

find_files "-"
find_files "d"
find_files "c"
find_files "l"
find_files "b"
find_files "p"
find_files "s"

ksenox@pupup:~$ sudo chmod +x  find_files_script.sh 
ksenox@pupup:~$ touch test_script.txt
ksenox@pupup:~$ ls -l
итого 1312
drwxr-xr-x 2 ksenox ksenox    4096 Feb 17 21:39 Desktop
drwxr-xr-x 2 ksenox ksenox    4096 Feb 17 21:39 Documents
drwxr-xr-x 2 ksenox ksenox    4096 Feb 22 20:10 Downloads
-rwxrwxr-x 1 ksenox ksenox     375 Feb 23 13:11 find_files_script.sh
drwxr-xr-x 2 ksenox ksenox    4096 Feb 17 21:39 Music
-rw-rw-r-- 1 ksenox ksenox    7390 Feb 23 13:19 mylog.log
-rw-rw-r-- 1 ksenox ksenox     446 Feb 23 13:07 out_file
drwxr-xr-x 2 ksenox ksenox    4096 Feb 17 21:39 Pictures
drwxr-xr-x 2 ksenox ksenox    4096 Feb 17 21:39 Public
drwx------ 5 ksenox ksenox    4096 Feb 23 09:11 snap
drwxr-xr-x 2 ksenox ksenox    4096 Feb 17 21:39 Templates
-rw-rw-r-- 1 ksenox ksenox 1282048 Feb 23 13:20 terminal.log
-rw-rw-rw- 1 root   root       448 Feb 23 12:03 test_ls.txt
-rw-rw-r-- 1 ksenox ksenox       0 Feb 23 13:20 test_script.txt
drwxr-xr-x 2 ksenox ksenox    4096 Feb 17 21:39 Videos

Запускаем скрипт find_filed_script.sh:
ksenox@pupup:~$ ./find_files_script.sh ./test_script.txt
-rw-r--r-- 1 root root   292076 Jan 20 20:47 config-6.11.0-17-generic
drwxr-xr-x   2 root root  4096 Feb 26  2024 bin.usr-is-merged
crw-r--r--  1 root   root     10, 235 Feb 23 10:16 autofs
lrwxrwxrwx   1 root root     7 Apr 22  2024 bin -> usr/bin
brw-rw----  1 root   disk      7,   0 Feb 23 10:16 loop0
prw-------  1 root              root      0 Feb 23 10:16 initctl
srw-rw-rw-  1 root              root      0 Feb 23 10:16 snapd-snap.socket

Задание 2. Найти жеские ссылки можно с помощью команды ls и флагов -i (показывает все inode - а все жесткие ссылки на файл имеют одинаковый inode) и -l (показывает подробную информацию о файле).
Получается, что задача сводится к тому, чтобы просто найти одинаковые inode у файлов.

ksenox@pupup:~$ vim find_hl_script.sh
ksenox@pupup:~$ cat find_hl_script.sh 
ksenox@pupup:~$ cat find_hl_script.sh 
#!/bin/bash

if [ -z "$1" ]; then
	echo "Ошибка: не задано имя файла для поиска жестких ссылок"
	exit 1
fi

if [ -z "$2" ]; then
	echo "Ошибка: не задано имя выходного файла"
	exit 1
fi

file=$1
out_file=$2

inode=$(ls -i "$file" | awk '{print $1}')

if [ -z "$inode" ]; then
	echo "Ошибка: файл не существует" 
	exit 1
fi

sudo ls -liR / 2>/dev/null | grep "^$inode" | awk '{print}'| sudo tee "$out_file"

ksenox@pupup:~$ chmod +x find_hl_script.sh 
ksenox@pupup:~$ ls -l
итого 68
drwxr-xr-x 2 ksenox ksenox 4096 Feb 17 21:39 Desktop
drwxr-xr-x 2 ksenox ksenox 4096 Feb 17 21:39 Documents
drwxr-xr-x 2 ksenox ksenox 4096 Feb 22 20:10 Downloads
-rwxrwxr-x 1 ksenox ksenox  375 Feb 23 13:11 find_files_script.sh
-rwxrwxr-x 1 ksenox ksenox  513 Feb 23 13:51 find_hl_script.sh
drwxr-xr-x 2 ksenox ksenox 4096 Feb 17 21:39 Music
-rw-rw-r-- 1 ksenox ksenox 9882 Feb 23 13:37 mylog.log
-rw-rw-r-- 1 ksenox ksenox  446 Feb 23 13:07 out_file
drwxr-xr-x 2 ksenox ksenox 4096 Feb 17 21:39 Pictures
drwxr-xr-x 2 ksenox ksenox 4096 Feb 17 21:39 Public
drwx------ 5 ksenox ksenox 4096 Feb 23 09:11 snap
drwxr-xr-x 2 ksenox ksenox 4096 Feb 17 21:39 Templates
-rw-rw-rw- 1 root   root    448 Feb 23 12:03 test_ls.txt
-rw-rw-r-- 1 ksenox ksenox  446 Feb 23 13:21 test_script.txt
drwxr-xr-x 2 ksenox ksenox 4096 Feb 17 21:39 Videos

Создадим файл и жесткие ссылки к нему:
ksenox@pupup:~$ sudo touch /home/original_file.txt
ksenox@pupup:~$ sudo ln /home/original_file.txt /home/hl.txt
ksenox@pupup:~$ sudo ln /home/original_file.txt /home/ksenox/hl.txt
ksenox@pupup:~$ sudo ln /home/original_file.txt /home/ksenox/Desktop/hl.txt

Запускаем скрипт find_hl_script.sh:
ksenox@pupup:~$ ./find_hl_script.sh /home/original_file.txt ./test_hl_script.txt
2494200 -rw-r--r--  4 root   root      0 Feb 23 14:06 hl.txt
2494200 -rw-r--r--  4 root   root      0 Feb 23 14:06 original_file.txt
2494200 -rw-r--r-- 4 root   root      0 Feb 23 14:06 hl.txt
2494200 -rw-r--r-- 4 root root 0 Feb 23 14:06 hl.txt

Задание 3.
Создадим символьные ссылки разными способами (ln, cp):
ksenox@pupup:/home$ ln -s /home/original_file.txt /home/ksenox
ksenox@pupup:~$ cp -P --symbolic-link /home/original_file.txt /home/ksenox/Desktop/
ksenox@pupup:~$ link /home/original_file.txt ./Videos/hard_link.txt
ksenox@pupup:~$ ls -il
итого 80
2490427 drwxr-xr-x 2 ksenox ksenox  4096 Feb 23 15:09 Desktop
2490431 drwxr-xr-x 2 ksenox ksenox  4096 Feb 17 21:39 Documents
2490428 drwxr-xr-x 2 ksenox ksenox  4096 Feb 22 20:10 Downloads
2494322 -rwxrwxr-x 1 ksenox ksenox   375 Feb 23 13:11 find_files_script.sh
2494398 -rwxrwxr-x 1 ksenox ksenox   504 Feb 23 14:55 find_hl_script.sh
2494200 -rw-rw-rw- 5 root   root      13 Feb 23 15:07 hl.txt
2490432 drwxr-xr-x 2 ksenox ksenox  4096 Feb 17 21:39 Music
2496116 -rw-rw-r-- 1 ksenox ksenox 14284 Feb 23 15:22 mylog.log
2494195 lrwxrwxrwx 1 ksenox ksenox    23 Feb 23 15:08 original_file.txt -> /home/original_file.txt
2493674 -rw-rw-r-- 1 ksenox ksenox   446 Feb 23 13:07 out_file
2490433 drwxr-xr-x 2 ksenox ksenox  4096 Feb 17 21:39 Pictures
2490430 drwxr-xr-x 2 ksenox ksenox  4096 Feb 17 21:39 Public
2490376 drwx------ 5 ksenox ksenox  4096 Feb 23 09:11 snap
2490429 drwxr-xr-x 2 ksenox ksenox  4096 Feb 17 21:39 Templates
2494344 -rw-r--r-- 1 root   root     246 Feb 23 14:56 test_hl_script.txt
2494202 -rw-rw-rw- 1 root   root     539 Feb 23 14:22 test_ls.txt
2494197 -rw-rw-r-- 1 ksenox ksenox   446 Feb 23 13:21 test_script.txt
2490434 drwxr-xr-x 2 ksenox ksenox  4096 Feb 23 15:17 Videos
ksenox@pupup:~$ cd Desktop/
ksenox@pupup:~/Desktop$ ls -l
итого 4
-rw-rw-rw- 5 root   root   13 Feb 23 15:07 hl.txt
lrwxrwxrwx 1 ksenox ksenox 23 Feb 23 15:09 original_file.txt -> /home/original_file.txt
ksenox@pupup:~/Documents$ cd ~/Videos/
ksenox@pupup:~/Videos$ ls -il
итого 4
2494200 -rw-rw-rw- 5 root root 13 Feb 23 15:07 hard_link.txt

Можем наглядно видеть, что команда link создала жесткую ссылку, поэтому она не подходит для создания символьных ссылок.
Напишем скрипт для подсчитывания и перечисления всех полноименных символьных ссылок на файл:
ksenox@pupup:~$ vim find_sc_script.sh
ksenox@pupup:~$ cat find_sc_script.sh 
#!/bin/bash

if [ -z "$1" ]; then
	echo "Ошибка: указан неправильный файл, для которого надо искать символьческие ссылки"
	exit 1
fi

if [ -z "$2" ]; then
	echo "Ошибка: указан неправильный выходной файл"
	exit 1
fi

file=$(realpath "$1")
out_file=$2
> "$out_file"

sudo ls -lR / 2>/dev/null | grep " -> " | awk -v target="$file" -v counter=0 '
{
	link_path = $NF
	if (link_path == target){
		print $0
		counter++
	}
}
END {
	print counter
}' | tee -a "$out_file"

ksenox@pupup:~$ sudo chmod +x find_sc_script.sh
ksenox@pupup:~$ ./find_sc_script.sh /home/original_file.txt ./test_sc_script.txt 
lrwxrwxrwx 1 ksenox ksenox    23 Feb 23 15:08 original_file.txt -> /home/original_file.txt
lrwxrwxrwx 1 ksenox ksenox 23 Feb 23 15:09 original_file.txt -> /home/original_file.txt
2

Задание 4. Найдем все символьные ссылки на заданный в качестве входного параметра файл, применяя разные команды (кроме file).
ksenox@pupup:~$ ls -lR / 2>/dev/null | grep " -> " | grep "original_file.txt"
lrwxrwxrwx 1 ksenox ksenox    23 Feb 23 15:08 original_file.txt -> /home/original_file.txt
lrwxrwxrwx 1 ksenox ksenox 23 Feb 23 15:09 original_file.txt -> /home/original_file.txt
ksenox@pupup:~$ sudo find / -type l -iname "original_file.txt" 2>/dev/null
/home/ksenox/original_file.txt
/home/ksenox/Desktop/original_file.txt
ksenox@pupup:~$ sudo find / -type l -lname "/home/original_file.txt" 2>/dev/null/home/ksenox/original_file.txt
/home/ksenox/Desktop/original_file.txt

Задание 5. Изучим утилиту find
ksenox@pupup:~$ find --help
Использование: find [-H] [-L] [-P] [-Oуровень] [-D debugopts] [путь…] [выражение]

Путём по умолчанию является текущий каталог; выражение по умолчанию: -print.
Выражение может состоять из операторов, параметров, тестов и действий.

Операторы (в нисходящем порядке; -and берётся по умолчанию, если других нет):
      ( EXPR )   ! EXPR   -not EXPR   EXPR1 -a EXPR2   EXPR1 -and EXPR2
      EXPR1 -o EXPR2   EXPR1 -or EXPR2   EXPR1 , EXPR2

Позиционные параметры (всегда истинны):
      -daystart -follow -nowarn -regextype -warn

Normal options (always true, specified before other expressions):
      -depth -files0-from FILE -maxdepth LEVELS -mindepth LEVELS
       -mount -noleaf -xdev -ignore_readdir_race -noignore_readdir_race

Тесты (N может быть +N, -N или N):
      -amin N -anewer FILE -atime N -cmin N -cnewer ФАЙЛ -context КОНТЕКСТ
      -ctime N -empty -false -fstype ТИП -gid N -group ИМЯ -ilname ШАБЛОН
      -iname ШАБЛОН -inum N -iwholename ШАБЛОН -iregex ШАБЛОН
      -links N -lname ШАБЛОН -mmin N -mtime N -name ШАБЛОН -newer ФАЙЛ
      -nouser -nogroup -path ШАБЛОН -perm [-/]РЕЖИМ -regex ШАБЛОН
      -readable -writable -executable
      -wholename ШАБЛОН -size N[bcwkMG] -true -type [bcdpflsD] -uid N
      -used N -user ИМЯ -xtype [bcdpfls]

Действия:
      -delete -print0 -printf ФОРМАТ -fprintf ФАЙЛ ФОРМАТ -print 
      -fprint0 ФАЙЛ -fprint ФАЙЛ -ls -fls ФАЙЛ -prune -quit
      -exec КОМАНДА ; -exec КОМАНДА {} + -ok КОМАНДА ;
      -execdir КОМАНДА ; -execdir КОМАНДА {} + -okdir КОМАНДА ;

Остальные общие параметры:
      --help                   показать эту справку и выйти
      --version                показать номер версии и выйти

Допустимые аргументы для -D:
exec, opt, rates, search, stat, time, tree, all, help
Описание параметров доступно по команде «-D help» или в find(1)

Также обратитесь к документации https://www.gnu.org/software/findutils/.
Отправляйте сообщения об ошибках (и следите за ходом исправления)
в программе «find» через страницу GNU findutils по адресу
https://savannah.gnu.org/bugs/?group=findutils или, если
нет доступа к веб, то пишите на адрес <bug-findutils@gnu.org>.

Найдем все типы ФС и получим расширенную информацию через данную утилиту:
ksenox@pupup:~$ find /home/ksenox/Desktop/ -type f -exec stat {} \;
  Файл: /home/ksenox/Desktop/hl.txt
  Размер: 13        	Блоков: 8          Блок В/В: 4096   обычный файл
Устройство: 8/2	Инода: 2494200     Ссылки: 5
Доступ: (0666/-rw-rw-rw-)  Uid: (    0/    root)   Gid: (    0/    root)
Доступ:        2025-02-23 15:17:12.179629587 +0000
Модифицирован: 2025-02-23 15:07:16.130510551 +0000
Изменён:       2025-02-23 15:17:11.887641404 +0000
Создан:        2025-02-23 14:06:40.821025699 +0000
ksenox@pupup:~$ find /home/ksenox/Desktop/ -type l -exec stat {} \;
  Файл: /home/ksenox/Desktop/original_file.txt -> /home/original_file.txt
  Размер: 23        	Блоков: 0          Блок В/В: 4096   символьная ссылка
Устройство: 8/2	Инода: 2496078     Ссылки: 1
Доступ: (0777/lrwxrwxrwx)  Uid: ( 1000/  ksenox)   Gid: ( 1000/  ksenox)
Доступ:        2025-02-23 15:09:59.876012993 +0000
Модифицирован: 2025-02-23 15:09:59.875013033 +0000
Изменён:       2025-02-23 15:09:59.875013033 +0000
Создан:        2025-02-23 15:09:59.875013033 +0000
ksenox@pupup:~$ find /home/ksenox -type d -exec stat {} \;
  Файл: /home/ksenox
  Размер: 4096      	Блоков: 8          Блок В/В: 4096   каталог
Устройство: 8/2	Инода: 2490370     Ссылки: 16
Доступ: (0750/drwxr-x---)  Uid: ( 1000/  ksenox)   Gid: ( 1000/  ksenox)
Доступ:        2025-02-23 18:38:08.416019095 +0000
Модифицирован: 2025-02-23 18:38:01.246208767 +0000
Изменён:       2025-02-23 18:38:01.246208767 +0000
Создан:        2025-02-17 21:38:45.929000000 +0000
ksenox@pupup:~$ find /home/ksenox -type s -exec stat {} \;
  Файл: /home/ksenox/.cache/ibus/dbus-4CN4W2Xj
  Размер: 0         	Блоков: 0          Блок В/В: 4096   сокет
Устройство: 8/2	Инода: 2494114     Ссылки: 1
Доступ: (0775/srwxrwxr-x)  Uid: ( 1000/  ksenox)   Gid: ( 1000/  ksenox)
Доступ:        2025-02-23 10:23:18.308878246 +0000
Модифицирован: 2025-02-23 10:23:18.208886992 +0000
Изменён:       2025-02-23 10:23:18.208886992 +0000
Создан:        2025-02-23 10:23:18.208886992 +0000
ksenox@pupup:~$ sudo find / -type p -exec stat {} \;
[sudo] пароль для ksenox: 
  Файл: /run/systemd/inaccessible/fifo
  Размер: 0         	Блоков: 0          Блок В/В: 4096   файл-очередь
Устройство: 0/25	Инода: 365         Ссылки: 1
Доступ: (0000/p---------)  Uid: (    0/    root)   Gid: (    0/    root)
Доступ:        2025-02-23 17:53:12.314000000 +0000
Модифицирован: 2025-02-23 17:53:12.314000000 +0000
Изменён:       2025-02-23 17:53:12.314000000 +0000
Создан:        2025-02-23 17:53:12.314000000 +0000
ksenox@pupup:~$ sudo find / -type b -exec stat {} \;
  Файл: /run/systemd/inaccessible/blk
  Размер: 0         	Блоков: 0          Блок В/В: 4096   блочный специальный файл
Устройство: 0/25	Инода: 368         Ссылки: 1     Тип устройства: 0,0
Доступ: (0000/b---------)  Uid: (    0/    root)   Gid: (    0/    root)
Доступ:        2025-02-23 17:53:12.314000000 +0000
Модифицирован: 2025-02-23 17:53:12.314000000 +0000
Изменён:       2025-02-23 17:53:12.314000000 +0000
Создан:        2025-02-23 17:53:12.314000000 +0000
ksenox@pupup:~$ sudo find / -type c -exec stat {} \;
  Файл: /snap/core22/1564/dev/null
  Размер: 0         	Блоков: 0          Блок В/В: 1024   символьный специальный файл
Устройство: 7/2	Инода: 9           Ссылки: 1     Тип устройства: 1,3
Доступ: (0666/crw-rw-rw-)  Uid: (    0/    root)   Gid: (    0/    root)
Доступ:        2024-07-31 14:27:45.000000000 +0000
Модифицирован: 2024-07-31 14:27:45.000000000 +0000
Изменён:       2024-07-31 14:27:45.000000000 +0000
Создан:        -

Создадим примеры вложенных команд:
ksenox@pupup:~$ sudo find / -type d -exec ls -l {} \; | head -n 4
итого 88
lrwxrwxrwx   1 root root     7 Apr 22  2024 bin -> usr/bin
drwxr-xr-x   2 root root  4096 Feb 26  2024 bin.usr-is-merged
drwxr-xr-x   3 root root  4096 Feb 17 21:20 b
ksenox@pupup:~$ sudo find / -type l -mtime -3 -exec du -h {} \; | head -n 3
0	/etc/default/locale
0	/etc/alternatives/view.ja.1.gz
0	/etc/alternatives/vi.fr.1.gz
ksenox@pupup:~$ find /home -type f -exec grep -l "Hello world" {} \;
/home/original_file.txt
/home/ksenox/Desktop/hl.txt
/home/ksenox/hl.txt
/home/ksenox/Videos/hard_link.txt
/home/ksenox/.local/share/Trash/files/terminal.log
/home/ksenox/.cache/tracker3/files/http%3A%2F%2Ftracker.api.gnome.org%2Fontology%2Fv3%2Ftracker%23Documents.db
/home/ksenox/.cache/tracker3/files/http%3A%2F%2Ftracker.api.gnome.org%2Fontology%2Fv3%2Ftracker%23Documents.db-wal
/home/hl.txt
ksenox@pupup:~$ find /home/ksenox/ -type l -ctime -1 -exec cp {} /home/ksenox/Music/ \; 2>/dev/null
ksenox@pupup:~$ cd ~/Music/
ksenox@pupup:~/Music$ ls -l
итого 16
-rw-rw-r-- 1 ksenox ksenox  142 Feb 23 19:13 bookmarks
-rw-rw-r-- 1 ksenox ksenox   13 Feb 23 19:13 original_file.txt
-rw-rw-r-- 1 ksenox ksenox 7672 Feb 23 19:13 user

Задание 6.
ksenox@pupup:/home$ od hl.txt 
0000000 062510 066154 020157 067567 066162 020544 000012
0000015
ksenox@pupup:/home$ od original_file.txt 
0000000 062510 066154 020157 067567 066162 020544 000012
0000015
ksenox@pupup:/home$ hexdump original_file.txt 
0000000 6548 6c6c 206f 6f77 6c72 2164 000a     
000000d
ksenox@pupup:/home$ hexdump hl.txt 
0000000 6548 6c6c 206f 6f77 6c72 2164 000a     
000000d
ksenox@pupup:/home$ cd ksenox/
ksenox@pupup:~$ od original_file.txt 
0000000 062510 066154 020157 067567 066162 020544 000012
0000015
ksenox@pupup:~$ hexdump original_file.txt 
0000000 6548 6c6c 206f 6f77 6c72 2164 000a     
000000d
Получаем, что у файла, его жесткой и символьной ссылки содержимое заголовка файла совпадает. Сделаем так, чтобы вывелся каждый байт отдельно (значения по таблице ASCII):
ksenox@pupup:~$ od -t o1 original_file.txt 
0000000 110 145 154 154 157 040 167 157 162 154 144 041 012
0000015
ksenox@pupup:~$ od -c original_file.txt 
0000000   H   e   l   l   o       w   o   r   l   d   !  \n
0000015
ksenox@pupup:~$ od -c testdir
od: testdir: Это каталог
0000000

Задание 7.
ksenox@pupup:~$ mkdir testdir

Можем определить размер метаданных каталога с помошью утилиты ls -l (5 столбик показывает размер ФС):
ksenox@pupup:~$ ls -l | grep "test_dir"
drwxrwxr-x 2 ksenox ksenox  4096 Feb 24 20:24 test_dir
Также размер ФС можно посмотреть с помощью утилиты stat:
ksenox@pupup:~$ stat test_dir
  Файл: test_dir
  Размер: 4096      	Блоков: 8          Блок В/В: 4096   каталог
Устройство: 8/2	Инода: 2496200     Ссылки: 2
Доступ: (0775/drwxrwxr-x)  Uid: ( 1000/  ksenox)   Gid: ( 1000/  ksenox)
Доступ:        2025-02-24 20:24:35.550856714 +0000
Модифицирован: 2025-02-24 20:24:04.260878110 +0000
Изменён:       2025-02-24 20:24:04.260878110 +0000
Создан:        2025-02-24 20:24:04.260878110 +0000

Изначально для пустого каталога задается 4096 байт (один блок). Это потому, что ФС резервирует блок для хранения структуры каталога.
Ограничение размера задается на уровне ФС и могут быть изменены при создании или изменении параметров. Напишем для этого скрипт:
ksenox@pupup:~$ vim experiment_directory.sh
ksenox@pupup:~$ sudo chmod +x experiment_directory.sh
ksenox@pupup:~$ cat experiment_directory.sh 
#!/bin/bash

mkdir -p experiment_testdir
stat experiment_testdir | head -n 3
for i in {1..1000}; do
	touch experiment_testdir/file$i
done
echo "В experiment_testdir добавлено 1000 файлов"
stat experiment_testdir | head -n 3
rm -f experiment_testdir/file*
echo "Из experiment_testdir удалено 1000 файлов"
stat experiment_testdir | head -n 3
rm -rf experiment_testdir
ksenox@pupup:~$ ./experiment_directory.sh 
  Файл: experiment_testdir
  Размер: 4096      	Блоков: 8          Блок В/В: 4096   каталог
Устройство: 8/2	Инода: 2496248     Ссылки: 2
В experiment_testdir добавлено 1000 файлов
  Файл: experiment_testdir
  Размер: 28672     	Блоков: 64         Блок В/В: 4096   каталог
Устройство: 8/2	Инода: 2496248     Ссылки: 2
Из experiment_testdir удалено 1000 файлов
  Файл: experiment_testdir
  Размер: 28672     	Блоков: 64         Блок В/В: 4096   каталог
Устройство: 8/2	Инода: 2496248     Ссылки: 2
Видим, что после добавления файлов в каталог размер изменяется, а после удаления не меняется.

Задание 8.
ksenox@pupup:/etc$ ls -l | grep "passwd"
-rw-r--r--  1 root                 root                  2864 Feb 17 21:38 passwd
-rw-r--r--  1 root                 root                  2815 Aug 27 15:41 passwd-
ksenox@pupup:/etc$ cat passwd | head -n 10
root:x:0:0:root:/root:/bin/bash
daemon:x:1:1:daemon:/usr/sbin:/usr/sbin/nologin
bin:x:2:2:bin:/bin:/usr/sbin/nologin
sys:x:3:3:sys:/dev:/usr/sbin/nologin
sync:x:4:65534:sync:/bin:/bin/sync
games:x:5:60:games:/usr/games:/usr/sbin/nologin
man:x:6:12:man:/var/cache/man:/usr/sbin/nologin
lp:x:7:7:lp:/var/spool/lpd:/usr/sbin/nologin
mail:x:8:8:mail:/var/mail:/usr/sbin/nologin
news:x:9:9:news:/var/spool/news:/usr/sbin/nologin

Видим, что только владелец может редактировать его, но читать можно всем (группа и остальные пользователи). Файл содержит информацию о пользователях системы, где каждая строка соответствует одному пользователю и имеет следующий формат:
username:x:UID:GID:gecos:homedir:shell, где
username: Имя пользователя
x: Пароль (обычно заменён на x)
UID: Идентификатор пользователя
GID: Идентификатор группы пользователя
gecos: Дополнительная информация о пользователе 
homedir: Домашний каталог пользователя
shell: Командная оболочка пользователя

ksenox@pupup:/etc$ ls -l | grep "shadow"
-rw-r-----  1 root                 shadow                 937 Feb 17 21:38 gshadow
-rw-r-----  1 root                 shadow                 883 Feb 17 21:38 gshadow-
-rw-r-----  1 root                 shadow                1339 Feb 17 21:38 shadow
-rw-r-----  1 root                 shadow                1206 Aug 27 15:41 shadow-
ksenox@pupup:/etc$ sudo cat shadow | head -n 5
root:*:19962:0:99999:7:::
daemon:*:19962:0:99999:7:::
bin:*:19962:0:99999:7:::
sys:*:19962:0:99999:7:::
sync:*:19962:0:99999:7:::

Данный файл может редактировать и читать только владелец, а читать может только группа, остальные пользователи не имеют к нему доступ. Файл содержит зашифрованные пароли пользователей и информацию о сроке действия паролей. Каждая строка имеет следующий формат:
username:password:lastchg:min:max:warn:inactive:expire:reserved, где
username: Имя пользователя
password: Зашифрованный пароль (* если вход запрещён)
lastchg: Дата последнего изменения пароля
min: Минимальное количество дней между изменениями пароля
max: Максимальное количество дней, через которое пароль нужно изменить
warn: Количество дней до истечения срока действия пароля, когда пользователю начнут показывать предупреждения
inactive: Количество дней неактивности после истечения срока действия пароля, после чего учётная запись блокируется
expire: Дата истечения срока действия учётной записи
reserved: Зарезервировано для будущего использования

ksenox@pupup:/usr/bin$ ls -l | grep "passwd"
-rwsr-xr-x 1 root root       76248 Apr  9  2024 gpasswd
-rwxr-xr-x 1 root root      113992 Sep 11 13:15 grub-mkpasswd-pbkdf2
-rwxr-xr-x 1 root root       68048 Apr  3  2024 ldappasswd
-rwsr-xr-x 1 root root       64152 Apr  9  2024 passwd
senox@pupup:/usr/bin$ cat passwd | head -n 1
@@@@  0 0@@@ j j          (       08880hhhDDS td8880P tdL L L   Q tdR td     /lib64/ld-linux-x86-64.so.2 GNU   GNUl  вF  V       GNU    e m     F       H K, b  3  {\ B 2W h
             UJ m  A 	$!  	 U   c  h u      j[" p   .z:  9)xT      c ) {/    gO o ,  
          B      tX"_ITM_deregisterTMCloneTable__gmon_start___ITM_registerTMCloneTable__libc_start_main__cxa_finalize__cxa_atexitstderrdcgettext__fprintf_chkfputsfputcstdoutgetspnamgmtimestrftime__printf_chk__stack_chk_failfreestrcmp__errno_locationmallocsetlocalestrdup__syslog_chk__vasprintf_chkaudit_log_user_avc_messageaudit_opencallocstrlen__explicit_bzero_chkreallocgetpwnam_rsgetspentgetpid__snprintf_chkwriteunlinkfdatasyncread__isoc23_strtollkillstrncmpgeteuidsleepulckpwdfmemcpyfopenfgets__ctype_b_locstrspnstrcspnferrorfclosestrpbrkputpwentputspentfdopenfilenofcntlfeofstrrchrumaskfchownfchmodfstatfseekgetcfflushfsyncutimelstatrenamegetgrnamrealpath__assert_failperrorforkwaitpidexecve__memcpy_chk__environstrchrbindtextdomaingetgidsetregidgetuidsetreuidchdirchrootopenloggetopt_longoptarg__isoc23_strtolgetlogingetpwuid_roptindsetpwentgetpwentendpwentsetrlimitsignalsetuidstrcasecmpcloselogpam_startpam_strerrorpam_chauthtokpam_endmisc_convselabel_closeselabel_openis_selinux_enabledsecurity_getenforceselabel_lookup_rawfreeconselinux_set_callbacksetfscreatecon_rawselinux_check_accessgetprevcon_rawlibpam.so.0libpam_misc.so.0libaudit.so.1libselinux.so.1libc.so.6LIBPAM_MISC_1.0LIBSELINUX_1.0LIBPAM_1.0GLIBC_2.25GLIBC_2.8GLIBC_2.14GLIBC_2.3GLIBC_2.33GLIBC_2.38GLIBC_2.4GLIBC_2.34GLIBC_2.3.4GLIBC_2.2.5

Владелец может читать, редактировать и выполнять файл (установлен бит s - это позволяет пользователям выполнять утилиту с правами владельца. Группа может читать и выполнять файл, а остальные только выполнять. Данный файл позволяет менять пользователям свои пароли и пользуется администратором для управления паролями других пользователей.

Задание 9. Исследуем права владения и доступа, а также их сочетаемость.
9.1. Создадим отдельный каталог с файлами и протестируем утилиты chmod, chown:
ksenox@pupup:~$ mkdir test_dir
ksenox@pupup:~$ cd test_dir/
ksenox@pupup:~/test_dir$ touch file1 file2 file3ksenox@pupup:~/test_dir$ ls -l
итого 0
-rw-rw-r-- 1 ksenox ksenox 0 Feb 25 16:18 file1
-rw-rw-r-- 1 ksenox ksenox 0 Feb 25 16:18 file2
-rw-rw-r-- 1 ksenox ksenox 0 Feb 25 16:18 file3

ksenox@pupup:~/test_dir$ chmod u+x file1
ksenox@pupup:~/test_dir$ ls -l file1
-rwxrw-r-- 1 ksenox ksenox 0 Feb 25 16:18 file1
ksenox@pupup:~/test_dir$ chmod +x file1
ksenox@pupup:~/test_dir$ ls -l file1
-rwxrwxr-x 1 ksenox ksenox 0 Feb 25 16:18 file1
ksenox@pupup:~/test_dir$ chmod -r file1
ksenox@pupup:~/test_dir$ ls -l file1
--wx-wx--x 1 ksenox ksenox 0 Feb 25 16:18 file1

ksenox@pupup:~/test_dir$ chmod a+w file2
ksenox@pupup:~/test_dir$ ls -l file2
-rw-rw-rw- 1 ksenox ksenox 0 Feb 25 16:18 file2
ksenox@pupup:~/test_dir$ chmod g+x file2
ksenox@pupup:~/test_dir$ ls -l file2
-rw-rwxrw- 1 ksenox ksenox 0 Feb 25 16:18 file2
ksenox@pupup:~/test_dir$ chmod o-r file2

ksenox@pupup:~/test_dir$ chmod ugo-w file3
ksenox@pupup:~/test_dir$ ls -l file3
-r--r--r-- 1 ksenox ksenox 0 Feb 25 16:18 file3
ksenox@pupup:~/test_dir$ chmod 755 file3
ksenox@pupup:~/test_dir$ ls -l file3
-rwxr-xr-x 1 ksenox ksenox 0 Feb 25 16:18 file3

Изменяем владельца для ФС:
ksenox@pupup:~/test_dir$ sudo chown root file2
ksenox@pupup:~/test_dir$ ls -l file2
-rw-rwx-w- 1 root ksenox 0 Feb 25 16:18 file2

Изменяем владельца и группу ФС:
ksenox@pupup:~/test_dir$ sudo chown bin:bin file1
ksenox@pupup:~/test_dir$ ls -l file1
--wx-wx-wx 1 bin    bin    0 Feb 25 16:18 file1

Рекурсивно изменим владельца и группу для всех ФС каталога:
ksenox@pupup:~$ sudo chown -R ksenox:root test_dir
ksenox@pupup:~$ cd test_dir/
ksenox@pupup:~/test_dir$ ls -l
итого 0
--wx-wx-wx 1 ksenox root 0 Feb 25 16:18 file1
-rw-rwx-w- 1 ksenox root 0 Feb 25 16:18 file2
-rwxr-xr-x 1 ksenox root 0 Feb 25 16:18 file3

9.2.Флаг SUID - это флаг прав доступа, который позволяет выполнять пользователю файл с правами владельца файла, а не с правами пользователя, который его запустил.
ksenox@pupup:~/test_dir$ echo '#!/bin/bash' > test_s.sh
ksenox@pupup:~/test_dir$ echo 'echo "Hello world!"' >> test_s.sh 
ksenox@pupup:~/test_dir$ cat test_s.sh 
#!/bin/bash
echo "Hello world!"
ksenox@pupup:~/test_dir$ sudo chmod +x test_s.sh 
ksenox@pupup:~/test_dir$ sudo chown root:ksenox test_s.sh
ksenox@pupup:~/test_dir$ ls -l test_s.sh 
-rwxrwxr-x 1 root ksenox 32 Feb 25 16:56 test_s.sh
ksenox@pupup:~/test_dir$ sudo chmod u+s test_s.sh 
ksenox@pupup:~/test_dir$ ls -l test_s.sh 
-rwsrwxr-x 1 root ksenox 32 Feb 25 16:56 test_s.sh
ksenox@pupup:~/test_dir$ ./test_s.sh 
Hello world!

9.3.
Возьмем случай, где владелец файла - root, группа - ksenox
Рассмотрим ситуацию, что права есть у группы, но нет у владельца.
ksenox@pupup:~/test_dir$ sudo chmod g+rwx test_s.sh 
ksenox@pupup:~/test_dir$ ls -l test_s.sh 
----rwx--- 1 root ksenox 32 Feb 25 16:56 test_s.sh
ksenox@pupup:~/test_dir$ ./test_s.sh 
Hello world!

Рассмотрим ситуацию, что права есть у владельца, но нет у группы:
ksenox@pupup:~/test_dir$ sudo chmod g-rwx test_s.sh 
ksenox@pupup:~/test_dir$ sudo chmod u+rwx test_s.sh
ksenox@pupup:~/test_dir$ ls -l test_s.sh 
-rwx------ 1 root ksenox 32 Feb 25 16:56 test_s.sh
ksenox@pupup:~/test_dir$ ./test_s.sh
bash: ./test_s.sh: Отказано в доступе

Обратная ситуация - владелец файла - ksenox, группа  - root:
ksenox@pupup:~/test_dir$ sudo chown ksenox:root test_s.sh 
ksenox@pupup:~/test_dir$ ls -l test_s.sh 
-rwx------ 1 ksenox root 32 Feb 25 16:56 test_s.sh
ksenox@pupup:~/test_dir$ ./test_s.sh 
Hello world!
ksenox@pupup:~/test_dir$ chmod u-wrx test_s.sh
ksenox@pupup:~/test_dir$ chmod g+wrx test_s.sh
ksenox@pupup:~/test_dir$ ls -l test_s.sh
----rwx--- 1 ksenox root 32 Feb 25 16:56 test_s.sh
ksenox@pupup:~/test_dir$ ./test_s.sh
bash: ./test_s.sh: Отказано в доступе

Получается, что если пользователь является владельцем файла, то применяются права владельца. Если пользователь входит в группу файла, то применяются права группы. Иначе применяются права для остальных пользователей.

9.4. Проведем эксперименты с правами доступа к каталогу:
ksenox@pupup:~$ chmod 000 test_dir
ksenox@pupup:~$ ls -l | grep test_dir
d--------- 2 ksenox root    4096 Feb 25 16:56 test_dir
ksenox@pupup:~$ cd test_dir/
bash: cd: test_dir/: Отказано в доступе

ksenox@pupup:~$ chmod 444 test_dir
ksenox@pupup:~$ ls -l | grep test_dir
dr--r--r-- 2 ksenox root    4096 Feb 25 16:56 test_dir
ksenox@pupup:~$ cd test_dir/
bash: cd: test_dir/: Отказано в доступе
ksenox@pupup:~$ ls -l test_dir
ls: невозможно получить доступ к 'test_dir/test_s.sh': Отказано в доступе
ls: невозможно получить доступ к 'test_dir/file1': Отказано в доступе
ls: невозможно получить доступ к 'test_dir/file3': Отказано в доступе
ls: невозможно получить доступ к 'test_dir/file2': Отказано в доступе
итого 0
-????????? ? ? ? ?            ? file1
-????????? ? ? ? ?            ? file2
-????????? ? ? ? ?            ? file3
-????????? ? ? ? ?            ? test_s.sh
С правами чтения каталога пользователь может только посмотреть файлы в нем.

ksenox@pupup:~$ chmod 222 test_dir
ksenox@pupup:~$ ls -l | grep test_dir
d-w--w--w- 2 ksenox root    4096 Feb 25 16:56 test_dir
ksenox@pupup:~$ cd test_dir/
bash: cd: test_dir/: Отказано в доступе
ksenox@pupup:~$ ls -l test_dir
ls: невозможно открыть каталог 'test_dir': Отказано в доступе
ksenox@pupup:~$ chmod u+r test_dir
ksenox@pupup:~$ ls -l test_dir
ls: невозможно получить доступ к 'test_dir/test_s.sh': Отказано в доступе
ls: невозможно получить доступ к 'test_dir/file5': Отказано в доступе
ls: невозможно получить доступ к 'test_dir/file1': Отказано в доступе
ls: невозможно получить доступ к 'test_dir/file3': Отказано в доступе
ls: невозможно получить доступ к 'test_dir/file2': Отказано в доступе
итого 0
-????????? ? ? ? ?            ? file1
-????????? ? ? ? ?            ? file2
-????????? ? ? ? ?            ? file3
-????????? ? ? ? ?            ? file5
-????????? ? ? ? ?            ? test_s.sh
ksenox@pupup:~$ sudo rm -i test_dir/file5
rm: удалить пустой обычный файл 'test_dir/file5'? y
ksenox@pupup:~$ ls -l test_dir
ls: невозможно получить доступ к 'test_dir/test_s.sh': Отказано в доступе
ls: невозможно получить доступ к 'test_dir/file1': Отказано в доступе
ls: невозможно получить доступ к 'test_dir/file3': Отказано в доступе
ls: невозможно получить доступ к 'test_dir/file2': Отказано в доступе
итого 0
-????????? ? ? ? ?            ? file1
-????????? ? ? ? ?            ? file2
-????????? ? ? ? ?            ? file3
-????????? ? ? ? ?            ? test_s.sh
С правами редактирования каталога пользователь может создавать и удалять файлы в нем.

ksenox@pupup:~$ chmod 111 test_dir
ksenox@pupup:~$ ls -l | grep test_dir
d--x--x--x 2 ksenox root    4096 Feb 25 18:26 test_dir
ksenox@pupup:~$ cd test_dir/
ksenox@pupup:~/test_dir$ ls -l
ls: невозможно открыть каталог '.': Отказано в доступе
ksenox@pupup:~/test_dir$ touch file5
touch: невозможно выполнить touch для 'file5': Отказано в доступе
ksenox@pupup:~/test_dir$ rm -i file3
rm: удалить пустой обычный файл 'file3'? y
rm: невозможно удалить 'file3': Отказано в доступе
С правами "выполнения" каталога пользователь может только входить в него, но изменять или читать - нет.

Следовательно, при совмещении различных прав доступа каталогов будут выполняться те команды, которые разрешены правами доступа. Если же файлы будут иметь определенные права доступа, а каталоги нет - то система не сможет зайти и выполнить команду с файлом.

Задание 10.
Создадим программу-шлюз, которая сможет читать информацию из файла:
ksenox@pupup:~$ vim accessing_another_users_file.c
ksenox@pupup:~$ gcc -o outfile accessing_another_users_file.c
ksenox@pupup:~$ cat accessing_another_users_file.c 
#include <stdio.h>
#include <stdlib.h>
#include <unistd.h>
#include <fcntl.h>

int main(int argc, char *argv[]){
	if (argc != 2){
		return 1;
	}

	FILE *file = fopen(argv[1], "r");
	if (!file){
		perror("Ошибка открытия файла");
		return 1;
	}

	char buffer[1024];
	while (fgets(buffer, sizeof(buffer), file)){
		printf("%s", buffer);
	}
	fclose(file);
	return 0;
}
ksenox@pupup:~$ ls -l outfile
-rwxrwxr-x 1 ksenox ksenox 16208 Feb 26 10:17 outfile
ksenox@pupup:~$ ls -l test_dir
итого 12
--wx-wx-wx 1 ksenox root    0 Feb 25 16:18 file1
-rw-rw---- 1 ksenox ksenox  7 Feb 26 09:45 file2
-rw-rw-r-- 1 tester root    7 Feb 26 11:12 file3
-rw-r--r-- 1 ksenox root   32 Feb 25 16:56 test_s.sh
ksenox@pupup:~$ sudo chmod o+rwx test_dir/file2
ksenox@pupup:~$ ./outfile test_dir/file2
pupupu
ksenox@pupup:~$ sudo adduser tester
info: Добавляется пользователь «tester» ...
info: Выбор UID/GID из диапазона от 1000 до 59999 ...
info: Добавляется новая группа «tester» (1002) ...
info: Добавление нового пользователя `tester' (1002) в группу `tester (1002)' ...
info: Создаётся домашний каталог «/home/tester» ...
info: Копирование файлов из «/etc/skel» ...
Новый пароль: 
Повторите ввод нового пароля: 
passwd: пароль успешно обновлён
Изменение информации о пользователе tester
Введите новое значение или нажмите ENTER для выбора значения по умолчанию
	Полное имя []: 
	Номер комнаты []: 
	Рабочий телефон []: 
	Домашний телефон []: 
	Другое []: 
Данная информация корректна? [Y/n] y
info: Adding new user `tester' to supplemental / extra groups `users' ...
info: Добавляется пользователь «tester» в группу «users» ...
ksenox@pupup:~$ cd test_dir/
ksenox@pupup:~/test_dir$ su tester
Пароль: 
tester@pupup:/home/ksenox/test_dir$ echo "Hello world!" > file2_tester 
tester@pupup:/home/ksenox$ ./outfile test_dir/file2_tester 
Hello world!
tester@pupup:/home/ksenox$ ./outfile test_dir/file2
pupupu
tester@pupup:/home/ksenox$ su ksenox
Пароль: 
ksenox@pupup:~$ sudo chmod o-rwx test_dir/file2
ksenox@pupup:~$ ls -l test_dir
итого 16
--wx-wx-wx 1 ksenox root    0 Feb 25 16:18 file1
-rw-rw---- 1 ksenox ksenox  7 Feb 26 19:02 file2
-rw-rw-r-- 1 tester tester 13 Feb 26 19:02 file2_tester
-rw-rw-r-- 1 tester root    7 Feb 26 11:12 file3
-rw-r--r-- 1 ksenox root   32 Feb 25 16:56 test_s.sh
ksenox@pupup:~$ su tester
Пароль: 
tester@pupup:/home/ksenox$ ./outfile test_dir/file2
Ошибка открытия файла: Permission denied
tester@pupup:/home/ksenox$ su ksenox
Пароль: 
ksenox@pupup:~$ sudo chmod u+s outfile
ksenox@pupup:~$ ls -l outfile
-rwsrwxr-x 1 ksenox ksenox 16208 Feb 26 10:17 outfile
ksenox@pupup:~$ su tester
Пароль: 
tester@pupup:/home/ksenox$ ./outfile test_dir/file2
pupupu

Задание 11 и 11.1.
Утилита df показывает информацию о смонтированных файловых системах:
ksenox@pupup:~$ df
Файл.система   1K-блоков Использовано Доступно Использовано% Cмонтировано в
tmpfs             856332         1512   854820            1% /run
/dev/sda2       71667832      6389448 61592140           10% /
tmpfs            4281648            0  4281648            0% /dev/shm
tmpfs               5120            8     5112            1% /run/lock
tmpfs             856328          136   856192            1% /run/user/1000
ksenox@pupup:~$ df -h -T
Файл.система   Тип   Размер Использовано  Дост Использовано% Cмонтировано в
tmpfs          tmpfs   837M         1.5M  835M            1% /run
/dev/sda2      ext4     69G         6.1G   59G           10% /
tmpfs          tmpfs   4.1G            0  4.1G            0% /dev/shm
tmpfs          tmpfs   5.0M         8.0K  5.0M            1% /run/lock
tmpfs          tmpfs   837M         132K  837M            1% /run/user/1000
Формат вывода информации очевиден, поскольку написан на русском.

Исследуем утилиту lsblk - она показывает информацию о блочных устройствах, включая системы:
ksenox@pupup:~$ lsblk
NAME   MAJ:MIN RM   SIZE RO TYPE MOUNTPOINTS
loop0    7:0    0  74.3M  1 loop /snap/core22/1564
loop1    7:1    0     4K  1 loop /snap/bare/5
loop2    7:2    0 269.8M  1 loop /snap/firefox/4793
loop3    7:3    0  73.9M  1 loop /snap/core22/1748
loop4    7:4    0 257.9M  1 loop /snap/firefox/5783
loop5    7:5    0  10.7M  1 loop /snap/firmware-updater/127
loop6    7:6    0  11.1M  1 loop /snap/firmware-updater/167
loop7    7:7    0  91.7M  1 loop /snap/gtk-common-themes/1535
loop8    7:8    0  10.5M  1 loop /snap/snap-store/1173
loop9    7:9    0  10.8M  1 loop /snap/snap-store/1248
loop10   7:10   0  38.8M  1 loop /snap/snapd/21759
loop11   7:11   0  44.4M  1 loop /snap/snapd/23545
loop12   7:12   0 505.1M  1 loop /snap/gnome-42-2204/176
loop13   7:13   0   500K  1 loop /snap/snapd-desktop-integration/178
loop14   7:14   0   568K  1 loop /snap/snapd-desktop-integration/253
sda      8:0    0    70G  0 disk 
├─sda1   8:1    0     1M  0 part 
└─sda2   8:2    0    70G  0 part /
sr0     11:0    1  1024M  0 rom  
Формат вывода информации:
NAME: имя устройства
MAJ:MIN: основной и доп. номер устройства
RM: флаг съемного устройства (1 - съемное, 0 - несъемное)
SIZE: размер устройства
RO: флаг только для чтения
TYPE: тип устройства
MOUNTPOINTS: точка монтирования

Изучим утилиту findmnt - она показывает информацию о смонтированных ФС в виде дерева:
ksenox@pupup:~$ findmnt
TARGET SOURCE    FSTYPE   OPTIONS
/      /dev/sda2 ext4     rw,relatime
├─/sys sysfs     sysfs    rw,nosuid,nodev,noexec,relatime
│ ├─/sys/kernel/security
│ │    securityfs
│ │              security rw,nosuid,nodev,noexec,relatime
│ ├─/sys/fs/cgroup
│ │    cgroup2   cgroup2  rw,nosuid,nodev,noexec,relatime,nsdelegate,memory_recu
│ ├─/sys/fs/pstore
│ │    pstore    pstore   rw,nosuid,nodev,noexec,relatime
│ ├─/sys/fs/bpf
│ │    bpf       bpf      rw,nosuid,nodev,noexec,relatime,mode=700
│ ├─/sys/kernel/tracing
│ │    tracefs   tracefs  rw,nosuid,nodev,noexec,relatime
│ ├─/sys/kernel/debug
│ │    debugfs   debugfs  rw,nosuid,nodev,noexec,relatime
│ ├─/sys/fs/fuse/connections
│ │    fusectl   fusectl  rw,nosuid,nodev,noexec,relatime
│ └─/sys/kernel/config
│      configfs  configfs rw,nosuid,nodev,noexec,relatime
├─/proc
│      proc      proc     rw,nosuid,nodev,noexec,relatime
│ └─/proc/sys/fs/binfmt_misc
│      systemd-1 autofs   rw,relatime,fd=32,pgrp=1,timeout=0,minproto=5,maxproto
│   └─/proc/sys/fs/binfmt_misc
│      binfmt_misc
│                binfmt_m rw,nosuid,nodev,noexec,relatime
├─/dev udev      devtmpfs rw,nosuid,relatime,size=4243968k,nr_inodes=1060992,mod
│ ├─/dev/pts
│ │    devpts    devpts   rw,nosuid,noexec,relatime,gid=5,mode=620,ptmxmode=000
│ ├─/dev/shm
│ │    tmpfs     tmpfs    rw,nosuid,nodev,inode64
│ ├─/dev/mqueue
│ │    mqueue    mqueue   rw,nosuid,nodev,noexec,relatime
│ └─/dev/hugepages
│      hugetlbfs hugetlbf rw,nosuid,nodev,relatime,pagesize=2M
├─/run tmpfs     tmpfs    rw,nosuid,nodev,noexec,relatime,size=856332k,mode=755,
│ ├─/run/lock
│ │    tmpfs     tmpfs    rw,nosuid,nodev,noexec,relatime,size=5120k,inode64
│ ├─/run/user/1000
│ │    tmpfs     tmpfs    rw,nosuid,nodev,relatime,size=856328k,nr_inodes=214082
│ │ ├─/run/user/1000/doc
│ │ │  portal    fuse.por rw,nosuid,nodev,relatime,user_id=1000,group_id=1000
│ │ └─/run/user/1000/gvfs
│ │    gvfsd-fuse
│ │              fuse.gvf rw,nosuid,nodev,relatime,user_id=1000,group_id=1000
│ └─/run/snapd/ns
│      tmpfs[/snapd/ns]
│                tmpfs    rw,nosuid,nodev,noexec,relatime,size=856332k,mode=755,
│   └─/run/snapd/ns/snapd-desktop-integration.mnt
│      nsfs[mnt:[4026532435]]
│                nsfs     rw
├─/snap/bare/5
│      /dev/loop1
│                squashfs ro,nodev,relatime,errors=continue,threads=single
├─/snap/firefox/4793
│      /dev/loop2
│                squashfs ro,nodev,relatime,errors=continue,threads=single
├─/snap/core22/1564
│      /dev/loop0
│                squashfs ro,nodev,relatime,errors=continue,threads=single
├─/snap/core22/1748
│      /dev/loop3
│                squashfs ro,nodev,relatime,errors=continue,threads=single
├─/snap/firmware-updater/127
│      /dev/loop5
│                squashfs ro,nodev,relatime,errors=continue,threads=single
├─/snap/firefox/5783
│      /dev/loop4
│                squashfs ro,nodev,relatime,errors=continue,threads=single
├─/snap/firmware-updater/167
│      /dev/loop6
│                squashfs ro,nodev,relatime,errors=continue,threads=single
├─/snap/gtk-common-themes/1535
│      /dev/loop7
│                squashfs ro,nodev,relatime,errors=continue,threads=single
├─/snap/snap-store/1173
│      /dev/loop8
│                squashfs ro,nodev,relatime,errors=continue,threads=single
├─/snap/snap-store/1248
│      /dev/loop9
│                squashfs ro,nodev,relatime,errors=continue,threads=single
├─/snap/snapd/21759
│      /dev/loop10
│                squashfs ro,nodev,relatime,errors=continue,threads=single
├─/snap/snapd/23545
│      /dev/loop11
│                squashfs ro,nodev,relatime,errors=continue,threads=single
├─/snap/gnome-42-2204/176
│      /dev/loop12
│                squashfs ro,nodev,relatime,errors=continue,threads=single
├─/snap/snapd-desktop-integration/178
│      /dev/loop13
│                squashfs ro,nodev,relatime,errors=continue,threads=single
└─/snap/snapd-desktop-integration/253
       /dev/loop14
                 squashfs ro,nodev,relatime,errors=continue,threads=single
Формат вывода данных:
TARGET: Точка монтирования
SOURCE: Источник
FSTYPE: Тип ФС
OPTIONS: Параметры монтирования

Изучим утилиту mount - она нужна для монтирования ФС к дереву каталогов.
ksenox@pupup:~$ mount | head -n 5
sysfs on /sys type sysfs (rw,nosuid,nodev,noexec,relatime)
proc on /proc type proc (rw,nosuid,nodev,noexec,relatime)
udev on /dev type devtmpfs (rw,nosuid,relatime,size=4243968k,nr_inodes=1060992,mode=755,inode64)
devpts on /dev/pts type devpts (rw,nosuid,noexec,relatime,gid=5,mode=620,ptmxmode=000)
tmpfs on /run type tmpfs (rw,nosuid,nodev,noexec,relatime,size=856332k,mode=755,inode64)

Данная команда выведет список всех монтированных устройств:
ksenox@pupup:~$ mount | column -t | head -n 5
sysfs                                                    on  /sys                                         type  sysfs            (rw,nosuid,nodev,noexec,relatime)
proc                                                     on  /proc                                        type  proc             (rw,nosuid,nodev,noexec,relatime)
udev                                                     on  /dev                                         type  devtmpfs         (rw,nosuid,relatime,size=4243968k,nr_inodes=1060992,mode=755,inode64)
devpts                                                   on  /dev/pts                                     type  devpts           (rw,nosuid,noexec,relatime,gid=5,mode=620,ptmxmode=000)
tmpfs                                                    on  /run                                         type  tmpfs            (rw,nosuid,nodev,noexec,relatime,size=856332k,mode=755,inode64)

Изучим утилиту blkid - она показывает информацию о всех блочных устройствах (включая не смонтированные):
ksenox@pupup:~$ sudo blkid
[sudo] пароль для ksenox: 
/dev/sda2: UUID="de85d574-53f7-4f00-80c9-44c57672bdc4" BLOCK_SIZE="4096" TYPE="ext4" PARTUUID="35dec814-056c-4eff-be39-9fb6c3c3ed7e"
/dev/loop1: BLOCK_SIZE="131072" TYPE="squashfs"
/dev/loop8: BLOCK_SIZE="131072" TYPE="squashfs"
/dev/loop6: BLOCK_SIZE="131072" TYPE="squashfs"
/dev/loop13: BLOCK_SIZE="131072" TYPE="squashfs"
/dev/loop4: BLOCK_SIZE="131072" TYPE="squashfs"
/dev/loop11: BLOCK_SIZE="131072" TYPE="squashfs"
/dev/loop2: BLOCK_SIZE="131072" TYPE="squashfs"
/dev/loop0: BLOCK_SIZE="131072" TYPE="squashfs"
/dev/loop9: BLOCK_SIZE="131072" TYPE="squashfs"
/dev/loop7: BLOCK_SIZE="131072" TYPE="squashfs"
/dev/sda1: PARTUUID="1a6b5ae6-9eaf-481d-9af9-e0a1ecb2b12f"
/dev/loop14: BLOCK_SIZE="131072" TYPE="squashfs"
/dev/loop5: BLOCK_SIZE="131072" TYPE="squashfs"
/dev/loop12: BLOCK_SIZE="131072" TYPE="squashfs"
/dev/loop3: BLOCK_SIZE="131072" TYPE="squashfs"
/dev/loop10: BLOCK_SIZE="131072" TYPE="squashfs"
Формат вывода информации:
UUID: уникальный идентификатор ФС
TYPE: тип ФС

Посмотрим, что содержится в файле fstab:
ksenox@pupup:~$ cat /etc/fstab
# /etc/fstab: static file system information.
#
# Use 'blkid' to print the universally unique identifier for a
# device; this may be used with UUID= as a more robust way to name devices
# that works even if disks are added and removed. See fstab(5).
#
# <file system> <mount point>   <type>  <options>       <dump>  <pass>
# / was on /dev/sda2 during curtin installation
/dev/disk/by-uuid/de85d574-53f7-4f00-80c9-44c57672bdc4 / ext4 defaults 0 1
В данном файле находится информация о ФС, которые могут быть смонтированы автоматически при загрузке системы.
Формат вывода информации:
file system: устройство или UUID
mount point: точка монтирования
type: тип ФС
options: опции монтирования
dump: используется утилитой dump
pass: определяет порядок проверки ФС при загрузке

11.2.
Просмотрим все ФС и их размещение:
ksenox@pupup:~$ lsblk -f
NAME FSTYPE FSVER LABEL UUID                                 FSAVAIL FSUSE% MOUNTPOINTS
loop0
     squash 4.0                                                    0   100% /snap/bare/5
loop1
     squash 4.0                                                    0   100% /snap/core22/1564
loop2
     squash 4.0                                                    0   100% /snap/firefox/4793
loop3
     squash 4.0                                                    0   100% /snap/core22/1748
loop4
     squash 4.0                                                    0   100% /snap/firefox/5783
loop5
     squash 4.0                                                    0   100% /snap/firmware-updater/167
loop6
     squash 4.0                                                    0   100% /snap/gnome-42-2204/176
loop7
     squash 4.0                                                    0   100% /snap/gtk-common-themes/1535
loop8
     squash 4.0                                                    0   100% /snap/firmware-updater/127
loop9
                                                                   0   100% /snap/snap-store/1173
loop10
                                                                   0   100% /snap/snap-store/1248
loop11
                                                                   0   100% /snap/snapd/21759
loop12
                                                                   0   100% /snap/snapd-desktop-integration/178
loop13
                                                                   0   100% /snap/snapd-desktop-integration/253
loop14
                                                                   0   100% /snap/snapd/23545
sda                                                                         
├─sda1
│                                                                           
└─sda2
     ext4   1.0         de85d574-53f7-4f00-80c9-44c57672bdc4   58.7G     9% /
sr0 

Основной диск sda, который делится на два раздела:
1) sda1  - он не определен lsblk.
2) sda2 -  второй раздел, который смонтирован как корневой (здесь находится Ubuntu).

Образ полного дерева ФС:
 ksenox@pupup:~$ findmnt
TARGET   SOURCE      FSTYPE  OPTIONS
/        /dev/sda2   ext4    rw,relatime
├─/sys   sysfs       sysfs   rw,nosuid,nodev,noexec,relatime
│ ├─/sys/kernel/security
│ │      securityfs  securit rw,nosuid,nodev,noexec,relatime
│ ├─/sys/fs/cgroup
│ │      cgroup2     cgroup2 rw,nosuid,nodev,noexec,relatime,nsdelegate,memory_r
│ ├─/sys/fs/pstore
│ │      pstore      pstore  rw,nosuid,nodev,noexec,relatime
│ ├─/sys/fs/bpf
│ │      bpf         bpf     rw,nosuid,nodev,noexec,relatime,mode=700
│ ├─/sys/kernel/debug
│ │      debugfs     debugfs rw,nosuid,nodev,noexec,relatime
│ ├─/sys/kernel/tracing
│ │      tracefs     tracefs rw,nosuid,nodev,noexec,relatime
│ ├─/sys/fs/fuse/connections
│ │      fusectl     fusectl rw,nosuid,nodev,noexec,relatime
│ └─/sys/kernel/config
│        configfs    configf rw,nosuid,nodev,noexec,relatime
├─/proc  proc        proc    rw,nosuid,nodev,noexec,relatime
│ └─/proc/sys/fs/binfmt_misc
│        systemd-1   autofs  rw,relatime,fd=32,pgrp=1,timeout=0,minproto=5,maxpr
│   └─/proc/sys/fs/binfmt_misc
│        binfmt_misc binfmt_ rw,nosuid,nodev,noexec,relatime
├─/dev   udev        devtmpf rw,nosuid,relatime,size=4243968k,nr_inodes=1060992,
│ ├─/dev/pts
│ │      devpts      devpts  rw,nosuid,noexec,relatime,gid=5,mode=620,ptmxmode=0
│ ├─/dev/shm
│ │      tmpfs       tmpfs   rw,nosuid,nodev,inode64
│ ├─/dev/hugepages
│ │      hugetlbfs   hugetlb rw,nosuid,nodev,relatime,pagesize=2M
│ └─/dev/mqueue
│        mqueue      mqueue  rw,nosuid,nodev,noexec,relatime
├─/run   tmpfs       tmpfs   rw,nosuid,nodev,noexec,relatime,size=856332k,mode=7
│ ├─/run/lock
│ │      tmpfs       tmpfs   rw,nosuid,nodev,noexec,relatime,size=5120k,inode64
│ ├─/run/user/1000
│ │      tmpfs       tmpfs   rw,nosuid,nodev,relatime,size=856328k,nr_inodes=214
│ │ ├─/run/user/1000/doc
│ │ │    portal      fuse.po rw,nosuid,nodev,relatime,user_id=1000,group_id=1000
│ │ └─/run/user/1000/gvfs
│ │      gvfsd-fuse  fuse.gv rw,nosuid,nodev,relatime,user_id=1000,group_id=1000
│ └─/run/snapd/ns
│        tmpfs[/snapd/ns]
│                    tmpfs   rw,nosuid,nodev,noexec,relatime,size=856332k,mode=7
│   ├─/run/snapd/ns/snapd-desktop-integration.mnt
│   │    nsfs[mnt:[4026532435]]
│   │                nsfs    rw
│   └─/run/snapd/ns/firefox.mnt
│        nsfs[mnt:[4026532225]]
│                    nsfs    rw
├─/snap/bare/5
│        /dev/loop0  squashf ro,nodev,relatime,errors=continue,threads=single
├─/snap/core22/1564
│        /dev/loop1  squashf ro,nodev,relatime,errors=continue,threads=single
├─/snap/firefox/4793
│        /dev/loop2  squashf ro,nodev,relatime,errors=continue,threads=single
├─/snap/core22/1748
│        /dev/loop3  squashf ro,nodev,relatime,errors=continue,threads=single
├─/snap/firmware-updater/167
│        /dev/loop5  squashf ro,nodev,relatime,errors=continue,threads=single
├─/snap/firefox/5783
│        /dev/loop4  squashf ro,nodev,relatime,errors=continue,threads=single
├─/snap/gtk-common-themes/1535
│        /dev/loop7  squashf ro,nodev,relatime,errors=continue,threads=single
├─/snap/snap-store/1173
│        /dev/loop9  squashf ro,nodev,relatime,errors=continue,threads=single
├─/snap/firmware-updater/127
│        /dev/loop8  squashf ro,nodev,relatime,errors=continue,threads=single
├─/snap/gnome-42-2204/176
│        /dev/loop6  squashf ro,nodev,relatime,errors=continue,threads=single
├─/snap/snap-store/1248
│        /dev/loop10 squashf ro,nodev,relatime,errors=continue,threads=single
├─/snap/snapd/21759
│        /dev/loop11 squashf ro,nodev,relatime,errors=continue,threads=single
├─/snap/snapd-desktop-integration/178
│        /dev/loop12 squashf ro,nodev,relatime,errors=continue,threads=single
├─/snap/snapd/23545
│        /dev/loop14 squashf ro,nodev,relatime,errors=continue,threads=single
└─/snap/snapd-desktop-integration/253
         /dev/loop13 squashf ro,nodev,relatime,errors=continue,threads=single
Корневая ФС смонтирована с устройства /dev/sda2.

Таблица монтирования (/etc/fstab):
ksenox@pupup:~$ cat /etc/fstab
# /etc/fstab: static file system information.
#
# Use 'blkid' to print the universally unique identifier for a
# device; this may be used with UUID= as a more robust way to name devices
# that works even if disks are added and removed. See fstab(5).
#
# <file system> <mount point>   <type>  <options>       <dump>  <pass>
# / was on /dev/sda2 during curtin installation
/dev/disk/by-uuid/de85d574-53f7-4f00-80c9-44c57672bdc4 / ext4 defaults 0 1

/dev/disk/by-uuid/de85d574-53f7-4f00-80c9-44c57672bdc4 - это диск, который индеф. по UUID
/ - точка монтирования
ext4 - тип ФС
defaults - стандартные параметры монтирования (чтение и запись, обновление доступа с задержкой и переключение в read-only при ошибках)
0 - ФС не включена в резервное копирование
1 - проверяется при загрузке перед остальными

11.3. Найдем максимальную длину ФС:
ksenox@pupup:~$ getconf PATH_MAX /
4096
Найдем максимальное дерево:
ksenox@pupup:~$ sudo find / -type d | awk -F/ '{print NF-1, $0}' | sort -nr | head -10 2>/dev/null
find: ‘/run/user/1000/doc’: Отказано в доступе
find: ‘/run/user/1000/gvfs’: Отказано в доступе
14 /home/ksenox/snap/firefox/common/.mozilla/firefox/zlhgz3yf.default/storage/permanent/chrome/idb/3870112724rsegmnoittet-es.files/journals
14 /home/ksenox/snap/firefox/common/.mozilla/firefox/zlhgz3yf.default/storage/default/moz-extension+++f9abe0f0-c239-431c-ab5c-c9cd67cefa03/idb/1671402671ueBglaorcokt0SCeahc.files/journals
14 /home/ksenox/snap/firefox/common/.mozilla/firefox/zlhgz3yf.default/storage/default/https+++web.telegram.org/idb/295338591tatt-ad.files/journals
14 /home/ksenox/snap/firefox/common/.mozilla/firefox/zlhgz3yf.default/storage/default/https+++web.telegram.org/cache/morgue/99
14 /home/ksenox/snap/firefox/common/.mozilla/firefox/zlhgz3yf.default/storage/default/https+++web.telegram.org/cache/morgue/98
14 /home/ksenox/snap/firefox/common/.mozilla/firefox/zlhgz3yf.default/storage/default/https+++web.telegram.org/cache/morgue/97
14 /home/ksenox/snap/firefox/common/.mozilla/firefox/zlhgz3yf.default/storage/default/https+++web.telegram.org/cache/morgue/96
14 /home/ksenox/snap/firefox/common/.mozilla/firefox/zlhgz3yf.default/storage/default/https+++web.telegram.org/cache/morgue/95
14 /home/ksenox/snap/firefox/common/.mozilla/firefox/zlhgz3yf.default/storage/default/https+++web.telegram.org/cache/morgue/94
14 /home/ksenox/snap/firefox/common/.mozilla/firefox/zlhgz3yf.default/storage/default/https+++web.telegram.org/cache/morgue/93

12. Проанализируем работу утилиты file:
ksenox@pupup:~$ file outfile
outfile:  ELF 64-bit LSB pie executable, x86-64, version 1 (SYSV), dynamically linked, interpreter /lib64/ld-linux-x86-64.so.2, BuildID[sha1]=bc4718d95bb89fc467e8481a39f0f384e1aa3990, for GNU/Linux 3.2.0, not stripped
ksenox@pupup:~/test_dir$ file file3
file3: ASCII text
Данная утилита определяет тип файла на основе его содержимого, показывает разрядность и архитектуру для исполняемых файлов, выводит кодировку текста и работает на основе магических чисел (определенные последовательности байтов, которые используют для идентификации типа файла или структуры данных).

12.1.
Алгоритм функционирования утилиты file:
1. Чтение файла - утилита получает имя файла в качестве аргумента, после открывает его и читает, начиная с первый байтов, чтобы получить информацию для анализа.
2. Проверка базы данных магических чисел - утилита использует файл с магическими числами (/usr/share/file/magic.mgc)
3. Идентификация типа файла - проверяются первый несколько байтов и сравниваются с магическими числами. Если совпадение найдено, утилита определяет тип файла. 
4. Использование дополнительной информации и вывод - иногда утилита может использовать дополнительные данные, чтобы более точно определить тип файла. После этого она выводит результат.

Исследуем файл /usr/share/file/magic.mgc
ksenox@pupup:/usr/share/file$ cat magic.mgc | head -n 10
 a?	 =//Brain Vision Data Exchange Marker File, VersionBiosig/Brainvision Marker filebiosig/brainvision =.zFileId=TMSi PortiLab sample log file
Version=Biosig/TMSiLOGbiosig/tmsilog =+}Synergy89(&88)&888&8888=?~CRawDataElement=UCRawDataBufferBiosig/SYNERGYbiosig/synergy =+.Brain Vision V-Amp Data Header File VersionBiosig/Brainvision V-Amp file =&-Brain Vision Data Exchange Header FileBiosig/Brainvision data file =&MetaView Service Assurance Export FileMetaView SAS export'Version x/, version %c =%	-----BEGIN ENCRYPTED PRIVATE KEY-----OpenSSH private key (with password) =$DFS File
http://www.difstream.com
SmartVersion binary patch file =#-----BEGIN OPENSSH PRIVATE KEY-----OpenSSH private key ="-----BEGIN PGP SIGNED MESSAGE-----=" 

=AUX=.gentoo-manifest=DATA=. gentoo-manifest=
                                             IST=.gentoo-manifest=EBUILD=.gentoo-manifestMANIFEST=. gentoo-manifest ="1-----BEGIN AGE ENCRYPTED FILE-----age encrypted file, ASCII armored ="Novell Message Librarian Data FileNovell message librarian datamsg =!jX5O!P%@AP[4\PZX54(P^)7CC)7}$EICAR=#!k-STANDARD-ANTIVIRUS-TEST-FILE!$H+H*EICAR virus test files =!ATES MEDICA SOFT. EEG for WindowsBiosig/ATES MEDICA SOFT. EEG for Windowsbiosig/ates = i   SketchUp ModelSketchUp Modelapplication/vnd.sketchup.skpskp = NetImmerse File Format, Version=!n NetImmerse game engine file=
"[0-9a-z.]+, version %s = SC68 Music-file / (c) (BeN)jamisc68 Atari ST music = C64 tape image fileT64 tape Imagex
  Version:%#x!
$ Entries:%ix( Name:%.24s = C64S tape image fileT64 tape Imagex
  Version:%#x!
 
Данный файл содержит правила, описывающие различные форматы файлов, их магические числа и дополнительные проверки.

12.2. Выполним утилиту file с разными ключами:
ksenox@pupup:~$ file -i hl.txt
hl.txt: text/plain; charset=us-ascii
Выводит MIME-тип файла.

ksenox@pupup:~$ file -k outfile
outfile: setuid ELF 64-bit LSB pie executable, x86-64, version 1\012-  (SYSV), dynamically linked, interpreter /lib64/ld-linux-x86-64.so.2, BuildID[sha1]=bc4718d95bb89fc467e8481a39f0f384e1aa3990, for GNU/Linux 3.2.0, not stripped\012- data
Выводит тип файла с дополнительными метками.

ksenox@pupup:~$ file -b outfile
setuid ELF 64-bit LSB pie executable, x86-64, version 1 (SYSV), dynamically linked, interpreter /lib64/ld-linux-x86-64.so.2, BuildID[sha1]=bc4718d95bb89fc467e8481a39f0f384e1aa3990, for GNU/Linux 3.2.0, not stripped
Выводит тип файла без дополнительных описаний.

12.3.
Создадим новый тип файла с собственными магическими числами:
ksenox@pupup:~$ echo -n -e '\x18\x06\x25' > customfile
ksenox@pupup:~$ file customfile 
customfile: data

Обновим базу данных магических чисел и выведем результат:
ksenox@pupup:~$ cd /usr/share/file/magic
ksenox@pupup:/usr/share/file/magic$ sudo vim custom
ksenox@pupup:/usr/share/file/magic$ cat custom 
0 string \x18\x06\x25 CustomType
ksenox@pupup:/usr/share/file/magic$ cd /home/ksenox/
ksenox@pupup:~$ file -m /usr/share/misc/magic customfile 
customfile: CustomType